The target system is: Generic - 1 - RISCV
The host system is: Darwin - 21.5.0 - x86_64
Compiling the C compiler identification source file "CMakeCCompilerId.c" succeeded.
Compiler: /Volumes/Untitled/bootloader_source_debug_on_D0/build_essentials/toolchain_essentials/riscv/Darwin/bin/riscv64-unknown-elf-gcc 
Build flags: 
Id flags:  

The output was:
0


Compilation of the C compiler identification source "CMakeCCompilerId.c" produced "a.out"

The C compiler identification is GNU, found in "/Volumes/Untitled/bootloader_source_debug_on_D0/build_essentials/build/CMakeFiles/3.23.2/CompilerIdC/a.out"

Compiling the CXX compiler identification source file "CMakeCXXCompilerId.cpp" succeeded.
Compiler: /Volumes/Untitled/bootloader_source_debug_on_D0/build_essentials/toolchain_essentials/riscv/Darwin/bin/riscv64-unknown-elf-g++ 
Build flags: 
Id flags:  

The output was:
0


Compilation of the CXX compiler identification source "CMakeCXXCompilerId.cpp" produced "a.out"

The CXX compiler identification is GNU, found in "/Volumes/Untitled/bootloader_source_debug_on_D0/build_essentials/build/CMakeFiles/3.23.2/CompilerIdCXX/a.out"

Checking whether the ASM compiler is GNU using "--version" matched "(GNU assembler)|(GCC)|(Free Software Foundation)":
riscv64-unknown-elf-gcc (SiFive GCC-Metal 10.2.0-2020.12.8) 10.2.0
Copyright (C) 2020 Free Software Foundation, Inc.
This is free software; see the source for copying conditions.  There is NO
warranty; not even for MERCHANTABILITY or FITNESS FOR A PARTICULAR PURPOSE.

Detecting C compiler ABI info compiled with the following output:
Change Dir: /Volumes/Untitled/bootloader_source_debug_on_D0/build_essentials/build/CMakeFiles/CMakeTmp

Run Build Command(s):/opt/homebrew/bin/gmake -f Makefile cmTC_769f9/fast && gmake[1]: Entering directory '/Volumes/Untitled/bootloader_source_debug_on_D0/build_essentials/build/CMakeFiles/CMakeTmp'
/opt/homebrew/bin/gmake  -f CMakeFiles/cmTC_769f9.dir/build.make CMakeFiles/cmTC_769f9.dir/build
gmake[2]: Entering directory '/Volumes/Untitled/bootloader_source_debug_on_D0/build_essentials/build/CMakeFiles/CMakeTmp'
Building C object CMakeFiles/cmTC_769f9.dir/CMakeCCompilerABI.c.obj
/Volumes/Untitled/bootloader_source_debug_on_D0/build_essentials/toolchain_essentials/riscv/Darwin/bin/riscv64-unknown-elf-gcc   -v -o CMakeFiles/cmTC_769f9.dir/CMakeCCompilerABI.c.obj -c /usr/local/Cellar/cmake/3.23.2/share/cmake/Modules/CMakeCCompilerABI.c
Using built-in specs.
COLLECT_GCC=/Volumes/Untitled/bootloader_source_debug_on_D0/build_essentials/toolchain_essentials/riscv/Darwin/bin/riscv64-unknown-elf-gcc
Target: riscv64-unknown-elf
Configured with: /scratch/jenkins/workspace/tpp-freedom-tools/tpp01--build-binary-packages--parameterized/obj/x86_64-apple-darwin/build/riscv64-unknown-elf-gcc/riscv-gcc/configure --target=riscv64-unknown-elf --prefix=/scratch/jenkins/workspace/tpp-freedom-tools/tpp01--build-binary-packages--parameterized/obj/x86_64-apple-darwin/install/riscv64-unknown-elf-gcc-10.2.0-2020.12.8-x86_64-apple-darwin --with-pkgversion='SiFive GCC-Metal 10.2.0-2020.12.8' --with-bugurl=https://github.com/sifive/freedom-tools/issues --disable-shared --disable-threads --enable-languages=c,c++ --enable-tls --with-newlib --with-sysroot=/scratch/jenkins/workspace/tpp-freedom-tools/tpp01--build-binary-packages--parameterized/obj/x86_64-apple-darwin/install/riscv64-unknown-elf-gcc-10.2.0-2020.12.8-x86_64-apple-darwin/riscv64-unknown-elf --with-native-system-header-dir=/include --disable-libmudflap --disable-libssp --disable-libquadmath --disable-libgomp --disable-nls --disable-tm-clone-registry --src=../riscv-gcc --with-system-zlib --enable-checking=yes --enable-multilib --with-abi=lp64d --with-arch=rv64imafdc CFLAGS=-O2 CXXFLAGS=-O2 'CFLAGS_FOR_TARGET=-Os -mcmodel=medany' 'CXXFLAGS_FOR_TARGET=-Os -mcmodel=medany'
Thread model: single
Supported LTO compression algorithms: zlib
gcc version 10.2.0 (SiFive GCC-Metal 10.2.0-2020.12.8) 
COLLECT_GCC_OPTIONS='-v' '-o' 'CMakeFiles/cmTC_769f9.dir/CMakeCCompilerABI.c.obj' '-c' '-march=rv64imafdc' '-mabi=lp64d' '-march=rv64imafdc'
 /Volumes/Untitled/bootloader_source_debug_on_D0/build_essentials/toolchain_essentials/riscv/Darwin/bin/../libexec/gcc/riscv64-unknown-elf/10.2.0/cc1 -quiet -v -imultilib rv64imafdc/lp64d -iprefix /Volumes/Untitled/bootloader_source_debug_on_D0/build_essentials/toolchain_essentials/riscv/Darwin/bin/../lib/gcc/riscv64-unknown-elf/10.2.0/ -isysroot /Volumes/Untitled/bootloader_source_debug_on_D0/build_essentials/toolchain_essentials/riscv/Darwin/bin/../riscv64-unknown-elf /usr/local/Cellar/cmake/3.23.2/share/cmake/Modules/CMakeCCompilerABI.c -quiet -dumpbase CMakeCCompilerABI.c -march=rv64imafdc -mabi=lp64d -march=rv64imafdc -auxbase-strip CMakeFiles/cmTC_769f9.dir/CMakeCCompilerABI.c.obj -version -o /var/folders/dj/plb4pn3s4k133bwc856301b80000gn/T//cckAvwT3.s
GNU C17 (SiFive GCC-Metal 10.2.0-2020.12.8) version 10.2.0 (riscv64-unknown-elf)
	compiled by GNU C version 4.2.1 Compatible Apple LLVM 10.0.1 (clang-1001.0.46.3), GMP version 6.1.0, MPFR version 3.1.4, MPC version 1.0.3, isl version isl-0.18-GMP

GGC heuristics: --param ggc-min-expand=30 --param ggc-min-heapsize=4096
ignoring nonexistent directory "/Volumes/Untitled/bootloader_source_debug_on_D0/build_essentials/toolchain_essentials/riscv/Darwin/bin/../lib/gcc/riscv64-unknown-elf/10.2.0/include-fixed"
ignoring duplicate directory "/Volumes/Untitled/bootloader_source_debug_on_D0/build_essentials/toolchain_essentials/riscv/Darwin/bin/../lib/gcc/../../lib/gcc/riscv64-unknown-elf/10.2.0/include"
ignoring nonexistent directory "/Volumes/Untitled/bootloader_source_debug_on_D0/build_essentials/toolchain_essentials/riscv/Darwin/bin/../riscv64-unknown-elf/usr/local/include"
ignoring nonexistent directory "/Volumes/Untitled/bootloader_source_debug_on_D0/build_essentials/toolchain_essentials/riscv/Darwin/bin/../lib/gcc/../../lib/gcc/riscv64-unknown-elf/10.2.0/include-fixed"
ignoring duplicate directory "/Volumes/Untitled/bootloader_source_debug_on_D0/build_essentials/toolchain_essentials/riscv/Darwin/bin/../lib/gcc/../../lib/gcc/riscv64-unknown-elf/10.2.0/../../../../riscv64-unknown-elf/include"
ignoring duplicate directory "/Volumes/Untitled/bootloader_source_debug_on_D0/build_essentials/toolchain_essentials/riscv/Darwin/bin/../riscv64-unknown-elf/include"
#include "..." search starts here:
#include <...> search starts here:
 /Volumes/Untitled/bootloader_source_debug_on_D0/build_essentials/toolchain_essentials/riscv/Darwin/bin/../lib/gcc/riscv64-unknown-elf/10.2.0/include
 /Volumes/Untitled/bootloader_source_debug_on_D0/build_essentials/toolchain_essentials/riscv/Darwin/bin/../lib/gcc/riscv64-unknown-elf/10.2.0/../../../../riscv64-unknown-elf/include
End of search list.
GNU C17 (SiFive GCC-Metal 10.2.0-2020.12.8) version 10.2.0 (riscv64-unknown-elf)
	compiled by GNU C version 4.2.1 Compatible Apple LLVM 10.0.1 (clang-1001.0.46.3), GMP version 6.1.0, MPFR version 3.1.4, MPC version 1.0.3, isl version isl-0.18-GMP

GGC heuristics: --param ggc-min-expand=30 --param ggc-min-heapsize=4096
Compiler executable checksum: 0ff262648b44741686db487b8afdd1e0
COLLECT_GCC_OPTIONS='-v' '-o' 'CMakeFiles/cmTC_769f9.dir/CMakeCCompilerABI.c.obj' '-c' '-march=rv64imafdc' '-mabi=lp64d' '-march=rv64imafdc'
 /Volumes/Untitled/bootloader_source_debug_on_D0/build_essentials/toolchain_essentials/riscv/Darwin/bin/../lib/gcc/riscv64-unknown-elf/10.2.0/../../../../riscv64-unknown-elf/bin/as -v --traditional-format -march=rv64imafdc -march=rv64imafdc -mabi=lp64d -o CMakeFiles/cmTC_769f9.dir/CMakeCCompilerABI.c.obj /var/folders/dj/plb4pn3s4k133bwc856301b80000gn/T//cckAvwT3.s
GNU assembler version 2.35 (riscv64-unknown-elf) using BFD version (SiFive Binutils-Metal 2.35.0-2020.12.8) 2.35
COMPILER_PATH=/Volumes/Untitled/bootloader_source_debug_on_D0/build_essentials/toolchain_essentials/riscv/Darwin/bin/../libexec/gcc/riscv64-unknown-elf/10.2.0/:/Volumes/Untitled/bootloader_source_debug_on_D0/build_essentials/toolchain_essentials/riscv/Darwin/bin/../libexec/gcc/:/Volumes/Untitled/bootloader_source_debug_on_D0/build_essentials/toolchain_essentials/riscv/Darwin/bin/../lib/gcc/riscv64-unknown-elf/10.2.0/../../../../riscv64-unknown-elf/bin/
LIBRARY_PATH=/Volumes/Untitled/bootloader_source_debug_on_D0/build_essentials/toolchain_essentials/riscv/Darwin/bin/../lib/gcc/riscv64-unknown-elf/10.2.0/rv64imafdc/lp64d/:/Volumes/Untitled/bootloader_source_debug_on_D0/build_essentials/toolchain_essentials/riscv/Darwin/bin/../lib/gcc/riscv64-unknown-elf/10.2.0/../../../../riscv64-unknown-elf/lib/rv64imafdc/lp64d/:/Volumes/Untitled/bootloader_source_debug_on_D0/build_essentials/toolchain_essentials/riscv/Darwin/bin/../riscv64-unknown-elf/lib/rv64imafdc/lp64d/:/Volumes/Untitled/bootloader_source_debug_on_D0/build_essentials/toolchain_essentials/riscv/Darwin/bin/../lib/gcc/riscv64-unknown-elf/10.2.0/:/Volumes/Untitled/bootloader_source_debug_on_D0/build_essentials/toolchain_essentials/riscv/Darwin/bin/../lib/gcc/:/Volumes/Untitled/bootloader_source_debug_on_D0/build_essentials/toolchain_essentials/riscv/Darwin/bin/../lib/gcc/riscv64-unknown-elf/10.2.0/../../../../riscv64-unknown-elf/lib/:/Volumes/Untitled/bootloader_source_debug_on_D0/build_essentials/toolchain_essentials/riscv/Darwin/bin/../riscv64-unknown-elf/lib/
COLLECT_GCC_OPTIONS='-v' '-o' 'CMakeFiles/cmTC_769f9.dir/CMakeCCompilerABI.c.obj' '-c' '-march=rv64imafdc' '-mabi=lp64d' '-march=rv64imafdc'
Linking C executable cmTC_769f9
/usr/local/Cellar/cmake/3.23.2/bin/cmake -E cmake_link_script CMakeFiles/cmTC_769f9.dir/link.txt --verbose=1
/Volumes/Untitled/bootloader_source_debug_on_D0/build_essentials/toolchain_essentials/riscv/Darwin/bin/riscv64-unknown-elf-gcc  -v CMakeFiles/cmTC_769f9.dir/CMakeCCompilerABI.c.obj -o cmTC_769f9 
Using built-in specs.
COLLECT_GCC=/Volumes/Untitled/bootloader_source_debug_on_D0/build_essentials/toolchain_essentials/riscv/Darwin/bin/riscv64-unknown-elf-gcc
Target: riscv64-unknown-elf
Configured with: /scratch/jenkins/workspace/tpp-freedom-tools/tpp01--build-binary-packages--parameterized/obj/x86_64-apple-darwin/build/riscv64-unknown-elf-gcc/riscv-gcc/configure --target=riscv64-unknown-elf --prefix=/scratch/jenkins/workspace/tpp-freedom-tools/tpp01--build-binary-packages--parameterized/obj/x86_64-apple-darwin/install/riscv64-unknown-elf-gcc-10.2.0-2020.12.8-x86_64-apple-darwin --with-pkgversion='SiFive GCC-Metal 10.2.0-2020.12.8' --with-bugurl=https://github.com/sifive/freedom-tools/issues --disable-shared --disable-threads --enable-languages=c,c++ --enable-tls --with-newlib --with-sysroot=/scratch/jenkins/workspace/tpp-freedom-tools/tpp01--build-binary-packages--parameterized/obj/x86_64-apple-darwin/install/riscv64-unknown-elf-gcc-10.2.0-2020.12.8-x86_64-apple-darwin/riscv64-unknown-elf --with-native-system-header-dir=/include --disable-libmudflap --disable-libssp --disable-libquadmath --disable-libgomp --disable-nls --disable-tm-clone-registry --src=../riscv-gcc --with-system-zlib --enable-checking=yes --enable-multilib --with-abi=lp64d --with-arch=rv64imafdc CFLAGS=-O2 CXXFLAGS=-O2 'CFLAGS_FOR_TARGET=-Os -mcmodel=medany' 'CXXFLAGS_FOR_TARGET=-Os -mcmodel=medany'
Thread model: single
Supported LTO compression algorithms: zlib
gcc version 10.2.0 (SiFive GCC-Metal 10.2.0-2020.12.8) 
COMPILER_PATH=/Volumes/Untitled/bootloader_source_debug_on_D0/build_essentials/toolchain_essentials/riscv/Darwin/bin/../libexec/gcc/riscv64-unknown-elf/10.2.0/:/Volumes/Untitled/bootloader_source_debug_on_D0/build_essentials/toolchain_essentials/riscv/Darwin/bin/../libexec/gcc/:/Volumes/Untitled/bootloader_source_debug_on_D0/build_essentials/toolchain_essentials/riscv/Darwin/bin/../lib/gcc/riscv64-unknown-elf/10.2.0/../../../../riscv64-unknown-elf/bin/
LIBRARY_PATH=/Volumes/Untitled/bootloader_source_debug_on_D0/build_essentials/toolchain_essentials/riscv/Darwin/bin/../lib/gcc/riscv64-unknown-elf/10.2.0/rv64imafdc/lp64d/:/Volumes/Untitled/bootloader_source_debug_on_D0/build_essentials/toolchain_essentials/riscv/Darwin/bin/../lib/gcc/riscv64-unknown-elf/10.2.0/../../../../riscv64-unknown-elf/lib/rv64imafdc/lp64d/:/Volumes/Untitled/bootloader_source_debug_on_D0/build_essentials/toolchain_essentials/riscv/Darwin/bin/../riscv64-unknown-elf/lib/rv64imafdc/lp64d/:/Volumes/Untitled/bootloader_source_debug_on_D0/build_essentials/toolchain_essentials/riscv/Darwin/bin/../lib/gcc/riscv64-unknown-elf/10.2.0/:/Volumes/Untitled/bootloader_source_debug_on_D0/build_essentials/toolchain_essentials/riscv/Darwin/bin/../lib/gcc/:/Volumes/Untitled/bootloader_source_debug_on_D0/build_essentials/toolchain_essentials/riscv/Darwin/bin/../lib/gcc/riscv64-unknown-elf/10.2.0/../../../../riscv64-unknown-elf/lib/:/Volumes/Untitled/bootloader_source_debug_on_D0/build_essentials/toolchain_essentials/riscv/Darwin/bin/../riscv64-unknown-elf/lib/
COLLECT_GCC_OPTIONS='-v' '-o' 'cmTC_769f9' '-march=rv64imafdc' '-mabi=lp64d' '-march=rv64imafdc'
 /Volumes/Untitled/bootloader_source_debug_on_D0/build_essentials/toolchain_essentials/riscv/Darwin/bin/../libexec/gcc/riscv64-unknown-elf/10.2.0/collect2 -plugin /Volumes/Untitled/bootloader_source_debug_on_D0/build_essentials/toolchain_essentials/riscv/Darwin/bin/../libexec/gcc/riscv64-unknown-elf/10.2.0/liblto_plugin.so -plugin-opt= -plugin-opt=-fresolution=/var/folders/dj/plb4pn3s4k133bwc856301b80000gn/T//ccgIkdI3.res -plugin-opt=-pass-through=-lgcc -plugin-opt=-pass-through=-lc -plugin-opt=-pass-through=-lgloss -plugin-opt=-pass-through=-lgcc --sysroot=/Volumes/Untitled/bootloader_source_debug_on_D0/build_essentials/toolchain_essentials/riscv/Darwin/bin/../riscv64-unknown-elf -melf64lriscv -o cmTC_769f9 /Volumes/Untitled/bootloader_source_debug_on_D0/build_essentials/toolchain_essentials/riscv/Darwin/bin/../lib/gcc/riscv64-unknown-elf/10.2.0/../../../../riscv64-unknown-elf/lib/rv64imafdc/lp64d/crt0.o /Volumes/Untitled/bootloader_source_debug_on_D0/build_essentials/toolchain_essentials/riscv/Darwin/bin/../lib/gcc/riscv64-unknown-elf/10.2.0/rv64imafdc/lp64d/crtbegin.o -L/Volumes/Untitled/bootloader_source_debug_on_D0/build_essentials/toolchain_essentials/riscv/Darwin/bin/../lib/gcc/riscv64-unknown-elf/10.2.0/rv64imafdc/lp64d -L/Volumes/Untitled/bootloader_source_debug_on_D0/build_essentials/toolchain_essentials/riscv/Darwin/bin/../lib/gcc/riscv64-unknown-elf/10.2.0/../../../../riscv64-unknown-elf/lib/rv64imafdc/lp64d -L/Volumes/Untitled/bootloader_source_debug_on_D0/build_essentials/toolchain_essentials/riscv/Darwin/bin/../riscv64-unknown-elf/lib/rv64imafdc/lp64d -L/Volumes/Untitled/bootloader_source_debug_on_D0/build_essentials/toolchain_essentials/riscv/Darwin/bin/../lib/gcc/riscv64-unknown-elf/10.2.0 -L/Volumes/Untitled/bootloader_source_debug_on_D0/build_essentials/toolchain_essentials/riscv/Darwin/bin/../lib/gcc -L/Volumes/Untitled/bootloader_source_debug_on_D0/build_essentials/toolchain_essentials/riscv/Darwin/bin/../lib/gcc/riscv64-unknown-elf/10.2.0/../../../../riscv64-unknown-elf/lib -L/Volumes/Untitled/bootloader_source_debug_on_D0/build_essentials/toolchain_essentials/riscv/Darwin/bin/../riscv64-unknown-elf/lib CMakeFiles/cmTC_769f9.dir/CMakeCCompilerABI.c.obj -lgcc --start-group -lc -lgloss --end-group -lgcc /Volumes/Untitled/bootloader_source_debug_on_D0/build_essentials/toolchain_essentials/riscv/Darwin/bin/../lib/gcc/riscv64-unknown-elf/10.2.0/rv64imafdc/lp64d/crtend.o
COLLECT_GCC_OPTIONS='-v' '-o' 'cmTC_769f9' '-march=rv64imafdc' '-mabi=lp64d' '-march=rv64imafdc'
gmake[2]: Leaving directory '/Volumes/Untitled/bootloader_source_debug_on_D0/build_essentials/build/CMakeFiles/CMakeTmp'
gmake[1]: Leaving directory '/Volumes/Untitled/bootloader_source_debug_on_D0/build_essentials/build/CMakeFiles/CMakeTmp'



Parsed C implicit include dir info from above output: rv=done
  found start of include info
  found start of implicit include info
    add: [/Volumes/Untitled/bootloader_source_debug_on_D0/build_essentials/toolchain_essentials/riscv/Darwin/bin/../lib/gcc/riscv64-unknown-elf/10.2.0/include]
    add: [/Volumes/Untitled/bootloader_source_debug_on_D0/build_essentials/toolchain_essentials/riscv/Darwin/bin/../lib/gcc/riscv64-unknown-elf/10.2.0/../../../../riscv64-unknown-elf/include]
  end of search list found
  collapse include dir [/Volumes/Untitled/bootloader_source_debug_on_D0/build_essentials/toolchain_essentials/riscv/Darwin/bin/../lib/gcc/riscv64-unknown-elf/10.2.0/include] ==> [/Volumes/Untitled/bootloader_source_debug_on_D0/build_essentials/toolchain_essentials/riscv/Darwin/lib/gcc/riscv64-unknown-elf/10.2.0/include]
  collapse include dir [/Volumes/Untitled/bootloader_source_debug_on_D0/build_essentials/toolchain_essentials/riscv/Darwin/bin/../lib/gcc/riscv64-unknown-elf/10.2.0/../../../../riscv64-unknown-elf/include] ==> [/Volumes/Untitled/bootloader_source_debug_on_D0/build_essentials/toolchain_essentials/riscv/Darwin/riscv64-unknown-elf/include]
  implicit include dirs: [/Volumes/Untitled/bootloader_source_debug_on_D0/build_essentials/toolchain_essentials/riscv/Darwin/lib/gcc/riscv64-unknown-elf/10.2.0/include;/Volumes/Untitled/bootloader_source_debug_on_D0/build_essentials/toolchain_essentials/riscv/Darwin/riscv64-unknown-elf/include]


Parsed C implicit link information from above output:
  link line regex: [^( *|.*[/\])(riscv64-unknown-elf-ld|CMAKE_LINK_STARTFILE-NOTFOUND|([^/\]+-)?ld|collect2)[^/\]*( |$)]
  ignore line: [Change Dir: /Volumes/Untitled/bootloader_source_debug_on_D0/build_essentials/build/CMakeFiles/CMakeTmp]
  ignore line: []
  ignore line: [Run Build Command(s):/opt/homebrew/bin/gmake -f Makefile cmTC_769f9/fast && gmake[1]: Entering directory '/Volumes/Untitled/bootloader_source_debug_on_D0/build_essentials/build/CMakeFiles/CMakeTmp']
  ignore line: [/opt/homebrew/bin/gmake  -f CMakeFiles/cmTC_769f9.dir/build.make CMakeFiles/cmTC_769f9.dir/build]
  ignore line: [gmake[2]: Entering directory '/Volumes/Untitled/bootloader_source_debug_on_D0/build_essentials/build/CMakeFiles/CMakeTmp']
  ignore line: [Building C object CMakeFiles/cmTC_769f9.dir/CMakeCCompilerABI.c.obj]
  ignore line: [/Volumes/Untitled/bootloader_source_debug_on_D0/build_essentials/toolchain_essentials/riscv/Darwin/bin/riscv64-unknown-elf-gcc   -v -o CMakeFiles/cmTC_769f9.dir/CMakeCCompilerABI.c.obj -c /usr/local/Cellar/cmake/3.23.2/share/cmake/Modules/CMakeCCompilerABI.c]
  ignore line: [Using built-in specs.]
  ignore line: [COLLECT_GCC=/Volumes/Untitled/bootloader_source_debug_on_D0/build_essentials/toolchain_essentials/riscv/Darwin/bin/riscv64-unknown-elf-gcc]
  ignore line: [Target: riscv64-unknown-elf]
  ignore line: [Configured with: /scratch/jenkins/workspace/tpp-freedom-tools/tpp01--build-binary-packages--parameterized/obj/x86_64-apple-darwin/build/riscv64-unknown-elf-gcc/riscv-gcc/configure --target=riscv64-unknown-elf --prefix=/scratch/jenkins/workspace/tpp-freedom-tools/tpp01--build-binary-packages--parameterized/obj/x86_64-apple-darwin/install/riscv64-unknown-elf-gcc-10.2.0-2020.12.8-x86_64-apple-darwin --with-pkgversion='SiFive GCC-Metal 10.2.0-2020.12.8' --with-bugurl=https://github.com/sifive/freedom-tools/issues --disable-shared --disable-threads --enable-languages=c c++ --enable-tls --with-newlib --with-sysroot=/scratch/jenkins/workspace/tpp-freedom-tools/tpp01--build-binary-packages--parameterized/obj/x86_64-apple-darwin/install/riscv64-unknown-elf-gcc-10.2.0-2020.12.8-x86_64-apple-darwin/riscv64-unknown-elf --with-native-system-header-dir=/include --disable-libmudflap --disable-libssp --disable-libquadmath --disable-libgomp --disable-nls --disable-tm-clone-registry --src=../riscv-gcc --with-system-zlib --enable-checking=yes --enable-multilib --with-abi=lp64d --with-arch=rv64imafdc CFLAGS=-O2 CXXFLAGS=-O2 'CFLAGS_FOR_TARGET=-Os -mcmodel=medany' 'CXXFLAGS_FOR_TARGET=-Os -mcmodel=medany']
  ignore line: [Thread model: single]
  ignore line: [Supported LTO compression algorithms: zlib]
  ignore line: [gcc version 10.2.0 (SiFive GCC-Metal 10.2.0-2020.12.8) ]
  ignore line: [COLLECT_GCC_OPTIONS='-v' '-o' 'CMakeFiles/cmTC_769f9.dir/CMakeCCompilerABI.c.obj' '-c' '-march=rv64imafdc' '-mabi=lp64d' '-march=rv64imafdc']
  ignore line: [ /Volumes/Untitled/bootloader_source_debug_on_D0/build_essentials/toolchain_essentials/riscv/Darwin/bin/../libexec/gcc/riscv64-unknown-elf/10.2.0/cc1 -quiet -v -imultilib rv64imafdc/lp64d -iprefix /Volumes/Untitled/bootloader_source_debug_on_D0/build_essentials/toolchain_essentials/riscv/Darwin/bin/../lib/gcc/riscv64-unknown-elf/10.2.0/ -isysroot /Volumes/Untitled/bootloader_source_debug_on_D0/build_essentials/toolchain_essentials/riscv/Darwin/bin/../riscv64-unknown-elf /usr/local/Cellar/cmake/3.23.2/share/cmake/Modules/CMakeCCompilerABI.c -quiet -dumpbase CMakeCCompilerABI.c -march=rv64imafdc -mabi=lp64d -march=rv64imafdc -auxbase-strip CMakeFiles/cmTC_769f9.dir/CMakeCCompilerABI.c.obj -version -o /var/folders/dj/plb4pn3s4k133bwc856301b80000gn/T//cckAvwT3.s]
  ignore line: [GNU C17 (SiFive GCC-Metal 10.2.0-2020.12.8) version 10.2.0 (riscv64-unknown-elf)]
  ignore line: [	compiled by GNU C version 4.2.1 Compatible Apple LLVM 10.0.1 (clang-1001.0.46.3)  GMP version 6.1.0  MPFR version 3.1.4  MPC version 1.0.3  isl version isl-0.18-GMP]
  ignore line: []
  ignore line: [GGC heuristics: --param ggc-min-expand=30 --param ggc-min-heapsize=4096]
  ignore line: [ignoring nonexistent directory "/Volumes/Untitled/bootloader_source_debug_on_D0/build_essentials/toolchain_essentials/riscv/Darwin/bin/../lib/gcc/riscv64-unknown-elf/10.2.0/include-fixed"]
  ignore line: [ignoring duplicate directory "/Volumes/Untitled/bootloader_source_debug_on_D0/build_essentials/toolchain_essentials/riscv/Darwin/bin/../lib/gcc/../../lib/gcc/riscv64-unknown-elf/10.2.0/include"]
  ignore line: [ignoring nonexistent directory "/Volumes/Untitled/bootloader_source_debug_on_D0/build_essentials/toolchain_essentials/riscv/Darwin/bin/../riscv64-unknown-elf/usr/local/include"]
  ignore line: [ignoring nonexistent directory "/Volumes/Untitled/bootloader_source_debug_on_D0/build_essentials/toolchain_essentials/riscv/Darwin/bin/../lib/gcc/../../lib/gcc/riscv64-unknown-elf/10.2.0/include-fixed"]
  ignore line: [ignoring duplicate directory "/Volumes/Untitled/bootloader_source_debug_on_D0/build_essentials/toolchain_essentials/riscv/Darwin/bin/../lib/gcc/../../lib/gcc/riscv64-unknown-elf/10.2.0/../../../../riscv64-unknown-elf/include"]
  ignore line: [ignoring duplicate directory "/Volumes/Untitled/bootloader_source_debug_on_D0/build_essentials/toolchain_essentials/riscv/Darwin/bin/../riscv64-unknown-elf/include"]
  ignore line: [#include "..." search starts here:]
  ignore line: [#include <...> search starts here:]
  ignore line: [ /Volumes/Untitled/bootloader_source_debug_on_D0/build_essentials/toolchain_essentials/riscv/Darwin/bin/../lib/gcc/riscv64-unknown-elf/10.2.0/include]
  ignore line: [ /Volumes/Untitled/bootloader_source_debug_on_D0/build_essentials/toolchain_essentials/riscv/Darwin/bin/../lib/gcc/riscv64-unknown-elf/10.2.0/../../../../riscv64-unknown-elf/include]
  ignore line: [End of search list.]
  ignore line: [GNU C17 (SiFive GCC-Metal 10.2.0-2020.12.8) version 10.2.0 (riscv64-unknown-elf)]
  ignore line: [	compiled by GNU C version 4.2.1 Compatible Apple LLVM 10.0.1 (clang-1001.0.46.3)  GMP version 6.1.0  MPFR version 3.1.4  MPC version 1.0.3  isl version isl-0.18-GMP]
  ignore line: []
  ignore line: [GGC heuristics: --param ggc-min-expand=30 --param ggc-min-heapsize=4096]
  ignore line: [Compiler executable checksum: 0ff262648b44741686db487b8afdd1e0]
  ignore line: [COLLECT_GCC_OPTIONS='-v' '-o' 'CMakeFiles/cmTC_769f9.dir/CMakeCCompilerABI.c.obj' '-c' '-march=rv64imafdc' '-mabi=lp64d' '-march=rv64imafdc']
  ignore line: [ /Volumes/Untitled/bootloader_source_debug_on_D0/build_essentials/toolchain_essentials/riscv/Darwin/bin/../lib/gcc/riscv64-unknown-elf/10.2.0/../../../../riscv64-unknown-elf/bin/as -v --traditional-format -march=rv64imafdc -march=rv64imafdc -mabi=lp64d -o CMakeFiles/cmTC_769f9.dir/CMakeCCompilerABI.c.obj /var/folders/dj/plb4pn3s4k133bwc856301b80000gn/T//cckAvwT3.s]
  ignore line: [GNU assembler version 2.35 (riscv64-unknown-elf) using BFD version (SiFive Binutils-Metal 2.35.0-2020.12.8) 2.35]
  ignore line: [COMPILER_PATH=/Volumes/Untitled/bootloader_source_debug_on_D0/build_essentials/toolchain_essentials/riscv/Darwin/bin/../libexec/gcc/riscv64-unknown-elf/10.2.0/:/Volumes/Untitled/bootloader_source_debug_on_D0/build_essentials/toolchain_essentials/riscv/Darwin/bin/../libexec/gcc/:/Volumes/Untitled/bootloader_source_debug_on_D0/build_essentials/toolchain_essentials/riscv/Darwin/bin/../lib/gcc/riscv64-unknown-elf/10.2.0/../../../../riscv64-unknown-elf/bin/]
  ignore line: [LIBRARY_PATH=/Volumes/Untitled/bootloader_source_debug_on_D0/build_essentials/toolchain_essentials/riscv/Darwin/bin/../lib/gcc/riscv64-unknown-elf/10.2.0/rv64imafdc/lp64d/:/Volumes/Untitled/bootloader_source_debug_on_D0/build_essentials/toolchain_essentials/riscv/Darwin/bin/../lib/gcc/riscv64-unknown-elf/10.2.0/../../../../riscv64-unknown-elf/lib/rv64imafdc/lp64d/:/Volumes/Untitled/bootloader_source_debug_on_D0/build_essentials/toolchain_essentials/riscv/Darwin/bin/../riscv64-unknown-elf/lib/rv64imafdc/lp64d/:/Volumes/Untitled/bootloader_source_debug_on_D0/build_essentials/toolchain_essentials/riscv/Darwin/bin/../lib/gcc/riscv64-unknown-elf/10.2.0/:/Volumes/Untitled/bootloader_source_debug_on_D0/build_essentials/toolchain_essentials/riscv/Darwin/bin/../lib/gcc/:/Volumes/Untitled/bootloader_source_debug_on_D0/build_essentials/toolchain_essentials/riscv/Darwin/bin/../lib/gcc/riscv64-unknown-elf/10.2.0/../../../../riscv64-unknown-elf/lib/:/Volumes/Untitled/bootloader_source_debug_on_D0/build_essentials/toolchain_essentials/riscv/Darwin/bin/../riscv64-unknown-elf/lib/]
  ignore line: [COLLECT_GCC_OPTIONS='-v' '-o' 'CMakeFiles/cmTC_769f9.dir/CMakeCCompilerABI.c.obj' '-c' '-march=rv64imafdc' '-mabi=lp64d' '-march=rv64imafdc']
  ignore line: [Linking C executable cmTC_769f9]
  ignore line: [/usr/local/Cellar/cmake/3.23.2/bin/cmake -E cmake_link_script CMakeFiles/cmTC_769f9.dir/link.txt --verbose=1]
  ignore line: [/Volumes/Untitled/bootloader_source_debug_on_D0/build_essentials/toolchain_essentials/riscv/Darwin/bin/riscv64-unknown-elf-gcc  -v CMakeFiles/cmTC_769f9.dir/CMakeCCompilerABI.c.obj -o cmTC_769f9 ]
  ignore line: [Using built-in specs.]
  ignore line: [COLLECT_GCC=/Volumes/Untitled/bootloader_source_debug_on_D0/build_essentials/toolchain_essentials/riscv/Darwin/bin/riscv64-unknown-elf-gcc]
  ignore line: [Target: riscv64-unknown-elf]
  ignore line: [Configured with: /scratch/jenkins/workspace/tpp-freedom-tools/tpp01--build-binary-packages--parameterized/obj/x86_64-apple-darwin/build/riscv64-unknown-elf-gcc/riscv-gcc/configure --target=riscv64-unknown-elf --prefix=/scratch/jenkins/workspace/tpp-freedom-tools/tpp01--build-binary-packages--parameterized/obj/x86_64-apple-darwin/install/riscv64-unknown-elf-gcc-10.2.0-2020.12.8-x86_64-apple-darwin --with-pkgversion='SiFive GCC-Metal 10.2.0-2020.12.8' --with-bugurl=https://github.com/sifive/freedom-tools/issues --disable-shared --disable-threads --enable-languages=c c++ --enable-tls --with-newlib --with-sysroot=/scratch/jenkins/workspace/tpp-freedom-tools/tpp01--build-binary-packages--parameterized/obj/x86_64-apple-darwin/install/riscv64-unknown-elf-gcc-10.2.0-2020.12.8-x86_64-apple-darwin/riscv64-unknown-elf --with-native-system-header-dir=/include --disable-libmudflap --disable-libssp --disable-libquadmath --disable-libgomp --disable-nls --disable-tm-clone-registry --src=../riscv-gcc --with-system-zlib --enable-checking=yes --enable-multilib --with-abi=lp64d --with-arch=rv64imafdc CFLAGS=-O2 CXXFLAGS=-O2 'CFLAGS_FOR_TARGET=-Os -mcmodel=medany' 'CXXFLAGS_FOR_TARGET=-Os -mcmodel=medany']
  ignore line: [Thread model: single]
  ignore line: [Supported LTO compression algorithms: zlib]
  ignore line: [gcc version 10.2.0 (SiFive GCC-Metal 10.2.0-2020.12.8) ]
  ignore line: [COMPILER_PATH=/Volumes/Untitled/bootloader_source_debug_on_D0/build_essentials/toolchain_essentials/riscv/Darwin/bin/../libexec/gcc/riscv64-unknown-elf/10.2.0/:/Volumes/Untitled/bootloader_source_debug_on_D0/build_essentials/toolchain_essentials/riscv/Darwin/bin/../libexec/gcc/:/Volumes/Untitled/bootloader_source_debug_on_D0/build_essentials/toolchain_essentials/riscv/Darwin/bin/../lib/gcc/riscv64-unknown-elf/10.2.0/../../../../riscv64-unknown-elf/bin/]
  ignore line: [LIBRARY_PATH=/Volumes/Untitled/bootloader_source_debug_on_D0/build_essentials/toolchain_essentials/riscv/Darwin/bin/../lib/gcc/riscv64-unknown-elf/10.2.0/rv64imafdc/lp64d/:/Volumes/Untitled/bootloader_source_debug_on_D0/build_essentials/toolchain_essentials/riscv/Darwin/bin/../lib/gcc/riscv64-unknown-elf/10.2.0/../../../../riscv64-unknown-elf/lib/rv64imafdc/lp64d/:/Volumes/Untitled/bootloader_source_debug_on_D0/build_essentials/toolchain_essentials/riscv/Darwin/bin/../riscv64-unknown-elf/lib/rv64imafdc/lp64d/:/Volumes/Untitled/bootloader_source_debug_on_D0/build_essentials/toolchain_essentials/riscv/Darwin/bin/../lib/gcc/riscv64-unknown-elf/10.2.0/:/Volumes/Untitled/bootloader_source_debug_on_D0/build_essentials/toolchain_essentials/riscv/Darwin/bin/../lib/gcc/:/Volumes/Untitled/bootloader_source_debug_on_D0/build_essentials/toolchain_essentials/riscv/Darwin/bin/../lib/gcc/riscv64-unknown-elf/10.2.0/../../../../riscv64-unknown-elf/lib/:/Volumes/Untitled/bootloader_source_debug_on_D0/build_essentials/toolchain_essentials/riscv/Darwin/bin/../riscv64-unknown-elf/lib/]
  ignore line: [COLLECT_GCC_OPTIONS='-v' '-o' 'cmTC_769f9' '-march=rv64imafdc' '-mabi=lp64d' '-march=rv64imafdc']
  link line: [ /Volumes/Untitled/bootloader_source_debug_on_D0/build_essentials/toolchain_essentials/riscv/Darwin/bin/../libexec/gcc/riscv64-unknown-elf/10.2.0/collect2 -plugin /Volumes/Untitled/bootloader_source_debug_on_D0/build_essentials/toolchain_essentials/riscv/Darwin/bin/../libexec/gcc/riscv64-unknown-elf/10.2.0/liblto_plugin.so -plugin-opt= -plugin-opt=-fresolution=/var/folders/dj/plb4pn3s4k133bwc856301b80000gn/T//ccgIkdI3.res -plugin-opt=-pass-through=-lgcc -plugin-opt=-pass-through=-lc -plugin-opt=-pass-through=-lgloss -plugin-opt=-pass-through=-lgcc --sysroot=/Volumes/Untitled/bootloader_source_debug_on_D0/build_essentials/toolchain_essentials/riscv/Darwin/bin/../riscv64-unknown-elf -melf64lriscv -o cmTC_769f9 /Volumes/Untitled/bootloader_source_debug_on_D0/build_essentials/toolchain_essentials/riscv/Darwin/bin/../lib/gcc/riscv64-unknown-elf/10.2.0/../../../../riscv64-unknown-elf/lib/rv64imafdc/lp64d/crt0.o /Volumes/Untitled/bootloader_source_debug_on_D0/build_essentials/toolchain_essentials/riscv/Darwin/bin/../lib/gcc/riscv64-unknown-elf/10.2.0/rv64imafdc/lp64d/crtbegin.o -L/Volumes/Untitled/bootloader_source_debug_on_D0/build_essentials/toolchain_essentials/riscv/Darwin/bin/../lib/gcc/riscv64-unknown-elf/10.2.0/rv64imafdc/lp64d -L/Volumes/Untitled/bootloader_source_debug_on_D0/build_essentials/toolchain_essentials/riscv/Darwin/bin/../lib/gcc/riscv64-unknown-elf/10.2.0/../../../../riscv64-unknown-elf/lib/rv64imafdc/lp64d -L/Volumes/Untitled/bootloader_source_debug_on_D0/build_essentials/toolchain_essentials/riscv/Darwin/bin/../riscv64-unknown-elf/lib/rv64imafdc/lp64d -L/Volumes/Untitled/bootloader_source_debug_on_D0/build_essentials/toolchain_essentials/riscv/Darwin/bin/../lib/gcc/riscv64-unknown-elf/10.2.0 -L/Volumes/Untitled/bootloader_source_debug_on_D0/build_essentials/toolchain_essentials/riscv/Darwin/bin/../lib/gcc -L/Volumes/Untitled/bootloader_source_debug_on_D0/build_essentials/toolchain_essentials/riscv/Darwin/bin/../lib/gcc/riscv64-unknown-elf/10.2.0/../../../../riscv64-unknown-elf/lib -L/Volumes/Untitled/bootloader_source_debug_on_D0/build_essentials/toolchain_essentials/riscv/Darwin/bin/../riscv64-unknown-elf/lib CMakeFiles/cmTC_769f9.dir/CMakeCCompilerABI.c.obj -lgcc --start-group -lc -lgloss --end-group -lgcc /Volumes/Untitled/bootloader_source_debug_on_D0/build_essentials/toolchain_essentials/riscv/Darwin/bin/../lib/gcc/riscv64-unknown-elf/10.2.0/rv64imafdc/lp64d/crtend.o]
    arg [/Volumes/Untitled/bootloader_source_debug_on_D0/build_essentials/toolchain_essentials/riscv/Darwin/bin/../libexec/gcc/riscv64-unknown-elf/10.2.0/collect2] ==> ignore
    arg [-plugin] ==> ignore
    arg [/Volumes/Untitled/bootloader_source_debug_on_D0/build_essentials/toolchain_essentials/riscv/Darwin/bin/../libexec/gcc/riscv64-unknown-elf/10.2.0/liblto_plugin.so] ==> ignore
    arg [-plugin-opt=] ==> ignore
    arg [-plugin-opt=-fresolution=/var/folders/dj/plb4pn3s4k133bwc856301b80000gn/T//ccgIkdI3.res] ==> ignore
    arg [-plugin-opt=-pass-through=-lgcc] ==> ignore
    arg [-plugin-opt=-pass-through=-lc] ==> ignore
    arg [-plugin-opt=-pass-through=-lgloss] ==> ignore
    arg [-plugin-opt=-pass-through=-lgcc] ==> ignore
    arg [--sysroot=/Volumes/Untitled/bootloader_source_debug_on_D0/build_essentials/toolchain_essentials/riscv/Darwin/bin/../riscv64-unknown-elf] ==> ignore
    arg [-melf64lriscv] ==> ignore
    arg [-o] ==> ignore
    arg [cmTC_769f9] ==> ignore
    arg [/Volumes/Untitled/bootloader_source_debug_on_D0/build_essentials/toolchain_essentials/riscv/Darwin/bin/../lib/gcc/riscv64-unknown-elf/10.2.0/../../../../riscv64-unknown-elf/lib/rv64imafdc/lp64d/crt0.o] ==> obj [/Volumes/Untitled/bootloader_source_debug_on_D0/build_essentials/toolchain_essentials/riscv/Darwin/bin/../lib/gcc/riscv64-unknown-elf/10.2.0/../../../../riscv64-unknown-elf/lib/rv64imafdc/lp64d/crt0.o]
    arg [/Volumes/Untitled/bootloader_source_debug_on_D0/build_essentials/toolchain_essentials/riscv/Darwin/bin/../lib/gcc/riscv64-unknown-elf/10.2.0/rv64imafdc/lp64d/crtbegin.o] ==> obj [/Volumes/Untitled/bootloader_source_debug_on_D0/build_essentials/toolchain_essentials/riscv/Darwin/bin/../lib/gcc/riscv64-unknown-elf/10.2.0/rv64imafdc/lp64d/crtbegin.o]
    arg [-L/Volumes/Untitled/bootloader_source_debug_on_D0/build_essentials/toolchain_essentials/riscv/Darwin/bin/../lib/gcc/riscv64-unknown-elf/10.2.0/rv64imafdc/lp64d] ==> dir [/Volumes/Untitled/bootloader_source_debug_on_D0/build_essentials/toolchain_essentials/riscv/Darwin/bin/../lib/gcc/riscv64-unknown-elf/10.2.0/rv64imafdc/lp64d]
    arg [-L/Volumes/Untitled/bootloader_source_debug_on_D0/build_essentials/toolchain_essentials/riscv/Darwin/bin/../lib/gcc/riscv64-unknown-elf/10.2.0/../../../../riscv64-unknown-elf/lib/rv64imafdc/lp64d] ==> dir [/Volumes/Untitled/bootloader_source_debug_on_D0/build_essentials/toolchain_essentials/riscv/Darwin/bin/../lib/gcc/riscv64-unknown-elf/10.2.0/../../../../riscv64-unknown-elf/lib/rv64imafdc/lp64d]
    arg [-L/Volumes/Untitled/bootloader_source_debug_on_D0/build_essentials/toolchain_essentials/riscv/Darwin/bin/../riscv64-unknown-elf/lib/rv64imafdc/lp64d] ==> dir [/Volumes/Untitled/bootloader_source_debug_on_D0/build_essentials/toolchain_essentials/riscv/Darwin/bin/../riscv64-unknown-elf/lib/rv64imafdc/lp64d]
    arg [-L/Volumes/Untitled/bootloader_source_debug_on_D0/build_essentials/toolchain_essentials/riscv/Darwin/bin/../lib/gcc/riscv64-unknown-elf/10.2.0] ==> dir [/Volumes/Untitled/bootloader_source_debug_on_D0/build_essentials/toolchain_essentials/riscv/Darwin/bin/../lib/gcc/riscv64-unknown-elf/10.2.0]
    arg [-L/Volumes/Untitled/bootloader_source_debug_on_D0/build_essentials/toolchain_essentials/riscv/Darwin/bin/../lib/gcc] ==> dir [/Volumes/Untitled/bootloader_source_debug_on_D0/build_essentials/toolchain_essentials/riscv/Darwin/bin/../lib/gcc]
    arg [-L/Volumes/Untitled/bootloader_source_debug_on_D0/build_essentials/toolchain_essentials/riscv/Darwin/bin/../lib/gcc/riscv64-unknown-elf/10.2.0/../../../../riscv64-unknown-elf/lib] ==> dir [/Volumes/Untitled/bootloader_source_debug_on_D0/build_essentials/toolchain_essentials/riscv/Darwin/bin/../lib/gcc/riscv64-unknown-elf/10.2.0/../../../../riscv64-unknown-elf/lib]
    arg [-L/Volumes/Untitled/bootloader_source_debug_on_D0/build_essentials/toolchain_essentials/riscv/Darwin/bin/../riscv64-unknown-elf/lib] ==> dir [/Volumes/Untitled/bootloader_source_debug_on_D0/build_essentials/toolchain_essentials/riscv/Darwin/bin/../riscv64-unknown-elf/lib]
    arg [CMakeFiles/cmTC_769f9.dir/CMakeCCompilerABI.c.obj] ==> ignore
    arg [-lgcc] ==> lib [gcc]
    arg [--start-group] ==> ignore
    arg [-lc] ==> lib [c]
    arg [-lgloss] ==> lib [gloss]
    arg [--end-group] ==> ignore
    arg [-lgcc] ==> lib [gcc]
    arg [/Volumes/Untitled/bootloader_source_debug_on_D0/build_essentials/toolchain_essentials/riscv/Darwin/bin/../lib/gcc/riscv64-unknown-elf/10.2.0/rv64imafdc/lp64d/crtend.o] ==> obj [/Volumes/Untitled/bootloader_source_debug_on_D0/build_essentials/toolchain_essentials/riscv/Darwin/bin/../lib/gcc/riscv64-unknown-elf/10.2.0/rv64imafdc/lp64d/crtend.o]
  collapse obj [/Volumes/Untitled/bootloader_source_debug_on_D0/build_essentials/toolchain_essentials/riscv/Darwin/bin/../lib/gcc/riscv64-unknown-elf/10.2.0/../../../../riscv64-unknown-elf/lib/rv64imafdc/lp64d/crt0.o] ==> [/Volumes/Untitled/bootloader_source_debug_on_D0/build_essentials/toolchain_essentials/riscv/Darwin/riscv64-unknown-elf/lib/rv64imafdc/lp64d/crt0.o]
  collapse obj [/Volumes/Untitled/bootloader_source_debug_on_D0/build_essentials/toolchain_essentials/riscv/Darwin/bin/../lib/gcc/riscv64-unknown-elf/10.2.0/rv64imafdc/lp64d/crtbegin.o] ==> [/Volumes/Untitled/bootloader_source_debug_on_D0/build_essentials/toolchain_essentials/riscv/Darwin/lib/gcc/riscv64-unknown-elf/10.2.0/rv64imafdc/lp64d/crtbegin.o]
  collapse obj [/Volumes/Untitled/bootloader_source_debug_on_D0/build_essentials/toolchain_essentials/riscv/Darwin/bin/../lib/gcc/riscv64-unknown-elf/10.2.0/rv64imafdc/lp64d/crtend.o] ==> [/Volumes/Untitled/bootloader_source_debug_on_D0/build_essentials/toolchain_essentials/riscv/Darwin/lib/gcc/riscv64-unknown-elf/10.2.0/rv64imafdc/lp64d/crtend.o]
  collapse library dir [/Volumes/Untitled/bootloader_source_debug_on_D0/build_essentials/toolchain_essentials/riscv/Darwin/bin/../lib/gcc/riscv64-unknown-elf/10.2.0/rv64imafdc/lp64d] ==> [/Volumes/Untitled/bootloader_source_debug_on_D0/build_essentials/toolchain_essentials/riscv/Darwin/lib/gcc/riscv64-unknown-elf/10.2.0/rv64imafdc/lp64d]
  collapse library dir [/Volumes/Untitled/bootloader_source_debug_on_D0/build_essentials/toolchain_essentials/riscv/Darwin/bin/../lib/gcc/riscv64-unknown-elf/10.2.0/../../../../riscv64-unknown-elf/lib/rv64imafdc/lp64d] ==> [/Volumes/Untitled/bootloader_source_debug_on_D0/build_essentials/toolchain_essentials/riscv/Darwin/riscv64-unknown-elf/lib/rv64imafdc/lp64d]
  collapse library dir [/Volumes/Untitled/bootloader_source_debug_on_D0/build_essentials/toolchain_essentials/riscv/Darwin/bin/../riscv64-unknown-elf/lib/rv64imafdc/lp64d] ==> [/Volumes/Untitled/bootloader_source_debug_on_D0/build_essentials/toolchain_essentials/riscv/Darwin/riscv64-unknown-elf/lib/rv64imafdc/lp64d]
  collapse library dir [/Volumes/Untitled/bootloader_source_debug_on_D0/build_essentials/toolchain_essentials/riscv/Darwin/bin/../lib/gcc/riscv64-unknown-elf/10.2.0] ==> [/Volumes/Untitled/bootloader_source_debug_on_D0/build_essentials/toolchain_essentials/riscv/Darwin/lib/gcc/riscv64-unknown-elf/10.2.0]
  collapse library dir [/Volumes/Untitled/bootloader_source_debug_on_D0/build_essentials/toolchain_essentials/riscv/Darwin/bin/../lib/gcc] ==> [/Volumes/Untitled/bootloader_source_debug_on_D0/build_essentials/toolchain_essentials/riscv/Darwin/lib/gcc]
  collapse library dir [/Volumes/Untitled/bootloader_source_debug_on_D0/build_essentials/toolchain_essentials/riscv/Darwin/bin/../lib/gcc/riscv64-unknown-elf/10.2.0/../../../../riscv64-unknown-elf/lib] ==> [/Volumes/Untitled/bootloader_source_debug_on_D0/build_essentials/toolchain_essentials/riscv/Darwin/riscv64-unknown-elf/lib]
  collapse library dir [/Volumes/Untitled/bootloader_source_debug_on_D0/build_essentials/toolchain_essentials/riscv/Darwin/bin/../riscv64-unknown-elf/lib] ==> [/Volumes/Untitled/bootloader_source_debug_on_D0/build_essentials/toolchain_essentials/riscv/Darwin/riscv64-unknown-elf/lib]
  implicit libs: [gcc;c;gloss;gcc]
  implicit objs: [/Volumes/Untitled/bootloader_source_debug_on_D0/build_essentials/toolchain_essentials/riscv/Darwin/riscv64-unknown-elf/lib/rv64imafdc/lp64d/crt0.o;/Volumes/Untitled/bootloader_source_debug_on_D0/build_essentials/toolchain_essentials/riscv/Darwin/lib/gcc/riscv64-unknown-elf/10.2.0/rv64imafdc/lp64d/crtbegin.o;/Volumes/Untitled/bootloader_source_debug_on_D0/build_essentials/toolchain_essentials/riscv/Darwin/lib/gcc/riscv64-unknown-elf/10.2.0/rv64imafdc/lp64d/crtend.o]
  implicit dirs: [/Volumes/Untitled/bootloader_source_debug_on_D0/build_essentials/toolchain_essentials/riscv/Darwin/lib/gcc/riscv64-unknown-elf/10.2.0/rv64imafdc/lp64d;/Volumes/Untitled/bootloader_source_debug_on_D0/build_essentials/toolchain_essentials/riscv/Darwin/riscv64-unknown-elf/lib/rv64imafdc/lp64d;/Volumes/Untitled/bootloader_source_debug_on_D0/build_essentials/toolchain_essentials/riscv/Darwin/lib/gcc/riscv64-unknown-elf/10.2.0;/Volumes/Untitled/bootloader_source_debug_on_D0/build_essentials/toolchain_essentials/riscv/Darwin/lib/gcc;/Volumes/Untitled/bootloader_source_debug_on_D0/build_essentials/toolchain_essentials/riscv/Darwin/riscv64-unknown-elf/lib]
  implicit fwks: []


Detecting CXX compiler ABI info compiled with the following output:
Change Dir: /Volumes/Untitled/bootloader_source_debug_on_D0/build_essentials/build/CMakeFiles/CMakeTmp

Run Build Command(s):/opt/homebrew/bin/gmake -f Makefile cmTC_92285/fast && gmake[1]: Entering directory '/Volumes/Untitled/bootloader_source_debug_on_D0/build_essentials/build/CMakeFiles/CMakeTmp'
/opt/homebrew/bin/gmake  -f CMakeFiles/cmTC_92285.dir/build.make CMakeFiles/cmTC_92285.dir/build
gmake[2]: Entering directory '/Volumes/Untitled/bootloader_source_debug_on_D0/build_essentials/build/CMakeFiles/CMakeTmp'
Building CXX object CMakeFiles/cmTC_92285.dir/CMakeCXXCompilerABI.cpp.obj
/Volumes/Untitled/bootloader_source_debug_on_D0/build_essentials/toolchain_essentials/riscv/Darwin/bin/riscv64-unknown-elf-g++   -v -o CMakeFiles/cmTC_92285.dir/CMakeCXXCompilerABI.cpp.obj -c /usr/local/Cellar/cmake/3.23.2/share/cmake/Modules/CMakeCXXCompilerABI.cpp
Using built-in specs.
COLLECT_GCC=/Volumes/Untitled/bootloader_source_debug_on_D0/build_essentials/toolchain_essentials/riscv/Darwin/bin/riscv64-unknown-elf-g++
Target: riscv64-unknown-elf
Configured with: /scratch/jenkins/workspace/tpp-freedom-tools/tpp01--build-binary-packages--parameterized/obj/x86_64-apple-darwin/build/riscv64-unknown-elf-gcc/riscv-gcc/configure --target=riscv64-unknown-elf --prefix=/scratch/jenkins/workspace/tpp-freedom-tools/tpp01--build-binary-packages--parameterized/obj/x86_64-apple-darwin/install/riscv64-unknown-elf-gcc-10.2.0-2020.12.8-x86_64-apple-darwin --with-pkgversion='SiFive GCC-Metal 10.2.0-2020.12.8' --with-bugurl=https://github.com/sifive/freedom-tools/issues --disable-shared --disable-threads --enable-languages=c,c++ --enable-tls --with-newlib --with-sysroot=/scratch/jenkins/workspace/tpp-freedom-tools/tpp01--build-binary-packages--parameterized/obj/x86_64-apple-darwin/install/riscv64-unknown-elf-gcc-10.2.0-2020.12.8-x86_64-apple-darwin/riscv64-unknown-elf --with-native-system-header-dir=/include --disable-libmudflap --disable-libssp --disable-libquadmath --disable-libgomp --disable-nls --disable-tm-clone-registry --src=../riscv-gcc --with-system-zlib --enable-checking=yes --enable-multilib --with-abi=lp64d --with-arch=rv64imafdc CFLAGS=-O2 CXXFLAGS=-O2 'CFLAGS_FOR_TARGET=-Os -mcmodel=medany' 'CXXFLAGS_FOR_TARGET=-Os -mcmodel=medany'
Thread model: single
Supported LTO compression algorithms: zlib
gcc version 10.2.0 (SiFive GCC-Metal 10.2.0-2020.12.8) 
COLLECT_GCC_OPTIONS='-v' '-o' 'CMakeFiles/cmTC_92285.dir/CMakeCXXCompilerABI.cpp.obj' '-c' '-march=rv64imafdc' '-mabi=lp64d' '-march=rv64imafdc'
 /Volumes/Untitled/bootloader_source_debug_on_D0/build_essentials/toolchain_essentials/riscv/Darwin/bin/../libexec/gcc/riscv64-unknown-elf/10.2.0/cc1plus -quiet -v -imultilib rv64imafdc/lp64d -iprefix /Volumes/Untitled/bootloader_source_debug_on_D0/build_essentials/toolchain_essentials/riscv/Darwin/bin/../lib/gcc/riscv64-unknown-elf/10.2.0/ -isysroot /Volumes/Untitled/bootloader_source_debug_on_D0/build_essentials/toolchain_essentials/riscv/Darwin/bin/../riscv64-unknown-elf /usr/local/Cellar/cmake/3.23.2/share/cmake/Modules/CMakeCXXCompilerABI.cpp -quiet -dumpbase CMakeCXXCompilerABI.cpp -march=rv64imafdc -mabi=lp64d -march=rv64imafdc -auxbase-strip CMakeFiles/cmTC_92285.dir/CMakeCXXCompilerABI.cpp.obj -version -o /var/folders/dj/plb4pn3s4k133bwc856301b80000gn/T//ccBMLjpm.s
GNU C++14 (SiFive GCC-Metal 10.2.0-2020.12.8) version 10.2.0 (riscv64-unknown-elf)
	compiled by GNU C version 4.2.1 Compatible Apple LLVM 10.0.1 (clang-1001.0.46.3), GMP version 6.1.0, MPFR version 3.1.4, MPC version 1.0.3, isl version isl-0.18-GMP

GGC heuristics: --param ggc-min-expand=30 --param ggc-min-heapsize=4096
ignoring nonexistent directory "/Volumes/Untitled/bootloader_source_debug_on_D0/build_essentials/toolchain_essentials/riscv/Darwin/bin/../lib/gcc/riscv64-unknown-elf/10.2.0/../../../../riscv64-unknown-elf/include/c++/10.2.0"
ignoring nonexistent directory "/Volumes/Untitled/bootloader_source_debug_on_D0/build_essentials/toolchain_essentials/riscv/Darwin/bin/../lib/gcc/riscv64-unknown-elf/10.2.0/../../../../riscv64-unknown-elf/include/c++/10.2.0/riscv64-unknown-elf/rv64imafdc/lp64d"
ignoring nonexistent directory "/Volumes/Untitled/bootloader_source_debug_on_D0/build_essentials/toolchain_essentials/riscv/Darwin/bin/../lib/gcc/riscv64-unknown-elf/10.2.0/../../../../riscv64-unknown-elf/include/c++/10.2.0/backward"
ignoring nonexistent directory "/Volumes/Untitled/bootloader_source_debug_on_D0/build_essentials/toolchain_essentials/riscv/Darwin/bin/../lib/gcc/riscv64-unknown-elf/10.2.0/include-fixed"
ignoring nonexistent directory "/Volumes/Untitled/bootloader_source_debug_on_D0/build_essentials/toolchain_essentials/riscv/Darwin/bin/../lib/gcc/../../lib/gcc/riscv64-unknown-elf/10.2.0/../../../../riscv64-unknown-elf/include/c++/10.2.0"
ignoring nonexistent directory "/Volumes/Untitled/bootloader_source_debug_on_D0/build_essentials/toolchain_essentials/riscv/Darwin/bin/../lib/gcc/../../lib/gcc/riscv64-unknown-elf/10.2.0/../../../../riscv64-unknown-elf/include/c++/10.2.0/riscv64-unknown-elf/rv64imafdc/lp64d"
ignoring nonexistent directory "/Volumes/Untitled/bootloader_source_debug_on_D0/build_essentials/toolchain_essentials/riscv/Darwin/bin/../lib/gcc/../../lib/gcc/riscv64-unknown-elf/10.2.0/../../../../riscv64-unknown-elf/include/c++/10.2.0/backward"
ignoring duplicate directory "/Volumes/Untitled/bootloader_source_debug_on_D0/build_essentials/toolchain_essentials/riscv/Darwin/bin/../lib/gcc/../../lib/gcc/riscv64-unknown-elf/10.2.0/include"
ignoring nonexistent directory "/Volumes/Untitled/bootloader_source_debug_on_D0/build_essentials/toolchain_essentials/riscv/Darwin/bin/../riscv64-unknown-elf/usr/local/include"
ignoring nonexistent directory "/Volumes/Untitled/bootloader_source_debug_on_D0/build_essentials/toolchain_essentials/riscv/Darwin/bin/../lib/gcc/../../lib/gcc/riscv64-unknown-elf/10.2.0/include-fixed"
ignoring duplicate directory "/Volumes/Untitled/bootloader_source_debug_on_D0/build_essentials/toolchain_essentials/riscv/Darwin/bin/../lib/gcc/../../lib/gcc/riscv64-unknown-elf/10.2.0/../../../../riscv64-unknown-elf/include"
ignoring duplicate directory "/Volumes/Untitled/bootloader_source_debug_on_D0/build_essentials/toolchain_essentials/riscv/Darwin/bin/../riscv64-unknown-elf/include"
#include "..." search starts here:
#include <...> search starts here:
 /Volumes/Untitled/bootloader_source_debug_on_D0/build_essentials/toolchain_essentials/riscv/Darwin/bin/../lib/gcc/riscv64-unknown-elf/10.2.0/include
 /Volumes/Untitled/bootloader_source_debug_on_D0/build_essentials/toolchain_essentials/riscv/Darwin/bin/../lib/gcc/riscv64-unknown-elf/10.2.0/../../../../riscv64-unknown-elf/include
End of search list.
GNU C++14 (SiFive GCC-Metal 10.2.0-2020.12.8) version 10.2.0 (riscv64-unknown-elf)
	compiled by GNU C version 4.2.1 Compatible Apple LLVM 10.0.1 (clang-1001.0.46.3), GMP version 6.1.0, MPFR version 3.1.4, MPC version 1.0.3, isl version isl-0.18-GMP

GGC heuristics: --param ggc-min-expand=30 --param ggc-min-heapsize=4096
Compiler executable checksum: ae25aa0850fa93b060cb35e76df30073
COLLECT_GCC_OPTIONS='-v' '-o' 'CMakeFiles/cmTC_92285.dir/CMakeCXXCompilerABI.cpp.obj' '-c' '-march=rv64imafdc' '-mabi=lp64d' '-march=rv64imafdc'
 /Volumes/Untitled/bootloader_source_debug_on_D0/build_essentials/toolchain_essentials/riscv/Darwin/bin/../lib/gcc/riscv64-unknown-elf/10.2.0/../../../../riscv64-unknown-elf/bin/as -v --traditional-format -march=rv64imafdc -march=rv64imafdc -mabi=lp64d -o CMakeFiles/cmTC_92285.dir/CMakeCXXCompilerABI.cpp.obj /var/folders/dj/plb4pn3s4k133bwc856301b80000gn/T//ccBMLjpm.s
GNU assembler version 2.35 (riscv64-unknown-elf) using BFD version (SiFive Binutils-Metal 2.35.0-2020.12.8) 2.35
COMPILER_PATH=/Volumes/Untitled/bootloader_source_debug_on_D0/build_essentials/toolchain_essentials/riscv/Darwin/bin/../libexec/gcc/riscv64-unknown-elf/10.2.0/:/Volumes/Untitled/bootloader_source_debug_on_D0/build_essentials/toolchain_essentials/riscv/Darwin/bin/../libexec/gcc/:/Volumes/Untitled/bootloader_source_debug_on_D0/build_essentials/toolchain_essentials/riscv/Darwin/bin/../lib/gcc/riscv64-unknown-elf/10.2.0/../../../../riscv64-unknown-elf/bin/
LIBRARY_PATH=/Volumes/Untitled/bootloader_source_debug_on_D0/build_essentials/toolchain_essentials/riscv/Darwin/bin/../lib/gcc/riscv64-unknown-elf/10.2.0/rv64imafdc/lp64d/:/Volumes/Untitled/bootloader_source_debug_on_D0/build_essentials/toolchain_essentials/riscv/Darwin/bin/../lib/gcc/riscv64-unknown-elf/10.2.0/../../../../riscv64-unknown-elf/lib/rv64imafdc/lp64d/:/Volumes/Untitled/bootloader_source_debug_on_D0/build_essentials/toolchain_essentials/riscv/Darwin/bin/../riscv64-unknown-elf/lib/rv64imafdc/lp64d/:/Volumes/Untitled/bootloader_source_debug_on_D0/build_essentials/toolchain_essentials/riscv/Darwin/bin/../lib/gcc/riscv64-unknown-elf/10.2.0/:/Volumes/Untitled/bootloader_source_debug_on_D0/build_essentials/toolchain_essentials/riscv/Darwin/bin/../lib/gcc/:/Volumes/Untitled/bootloader_source_debug_on_D0/build_essentials/toolchain_essentials/riscv/Darwin/bin/../lib/gcc/riscv64-unknown-elf/10.2.0/../../../../riscv64-unknown-elf/lib/:/Volumes/Untitled/bootloader_source_debug_on_D0/build_essentials/toolchain_essentials/riscv/Darwin/bin/../riscv64-unknown-elf/lib/
COLLECT_GCC_OPTIONS='-v' '-o' 'CMakeFiles/cmTC_92285.dir/CMakeCXXCompilerABI.cpp.obj' '-c' '-march=rv64imafdc' '-mabi=lp64d' '-march=rv64imafdc'
Linking CXX executable cmTC_92285
/usr/local/Cellar/cmake/3.23.2/bin/cmake -E cmake_link_script CMakeFiles/cmTC_92285.dir/link.txt --verbose=1
/Volumes/Untitled/bootloader_source_debug_on_D0/build_essentials/toolchain_essentials/riscv/Darwin/bin/riscv64-unknown-elf-g++  -v CMakeFiles/cmTC_92285.dir/CMakeCXXCompilerABI.cpp.obj -o cmTC_92285 
Using built-in specs.
COLLECT_GCC=/Volumes/Untitled/bootloader_source_debug_on_D0/build_essentials/toolchain_essentials/riscv/Darwin/bin/riscv64-unknown-elf-g++
Target: riscv64-unknown-elf
Configured with: /scratch/jenkins/workspace/tpp-freedom-tools/tpp01--build-binary-packages--parameterized/obj/x86_64-apple-darwin/build/riscv64-unknown-elf-gcc/riscv-gcc/configure --target=riscv64-unknown-elf --prefix=/scratch/jenkins/workspace/tpp-freedom-tools/tpp01--build-binary-packages--parameterized/obj/x86_64-apple-darwin/install/riscv64-unknown-elf-gcc-10.2.0-2020.12.8-x86_64-apple-darwin --with-pkgversion='SiFive GCC-Metal 10.2.0-2020.12.8' --with-bugurl=https://github.com/sifive/freedom-tools/issues --disable-shared --disable-threads --enable-languages=c,c++ --enable-tls --with-newlib --with-sysroot=/scratch/jenkins/workspace/tpp-freedom-tools/tpp01--build-binary-packages--parameterized/obj/x86_64-apple-darwin/install/riscv64-unknown-elf-gcc-10.2.0-2020.12.8-x86_64-apple-darwin/riscv64-unknown-elf --with-native-system-header-dir=/include --disable-libmudflap --disable-libssp --disable-libquadmath --disable-libgomp --disable-nls --disable-tm-clone-registry --src=../riscv-gcc --with-system-zlib --enable-checking=yes --enable-multilib --with-abi=lp64d --with-arch=rv64imafdc CFLAGS=-O2 CXXFLAGS=-O2 'CFLAGS_FOR_TARGET=-Os -mcmodel=medany' 'CXXFLAGS_FOR_TARGET=-Os -mcmodel=medany'
Thread model: single
Supported LTO compression algorithms: zlib
gcc version 10.2.0 (SiFive GCC-Metal 10.2.0-2020.12.8) 
COMPILER_PATH=/Volumes/Untitled/bootloader_source_debug_on_D0/build_essentials/toolchain_essentials/riscv/Darwin/bin/../libexec/gcc/riscv64-unknown-elf/10.2.0/:/Volumes/Untitled/bootloader_source_debug_on_D0/build_essentials/toolchain_essentials/riscv/Darwin/bin/../libexec/gcc/:/Volumes/Untitled/bootloader_source_debug_on_D0/build_essentials/toolchain_essentials/riscv/Darwin/bin/../lib/gcc/riscv64-unknown-elf/10.2.0/../../../../riscv64-unknown-elf/bin/
LIBRARY_PATH=/Volumes/Untitled/bootloader_source_debug_on_D0/build_essentials/toolchain_essentials/riscv/Darwin/bin/../lib/gcc/riscv64-unknown-elf/10.2.0/rv64imafdc/lp64d/:/Volumes/Untitled/bootloader_source_debug_on_D0/build_essentials/toolchain_essentials/riscv/Darwin/bin/../lib/gcc/riscv64-unknown-elf/10.2.0/../../../../riscv64-unknown-elf/lib/rv64imafdc/lp64d/:/Volumes/Untitled/bootloader_source_debug_on_D0/build_essentials/toolchain_essentials/riscv/Darwin/bin/../riscv64-unknown-elf/lib/rv64imafdc/lp64d/:/Volumes/Untitled/bootloader_source_debug_on_D0/build_essentials/toolchain_essentials/riscv/Darwin/bin/../lib/gcc/riscv64-unknown-elf/10.2.0/:/Volumes/Untitled/bootloader_source_debug_on_D0/build_essentials/toolchain_essentials/riscv/Darwin/bin/../lib/gcc/:/Volumes/Untitled/bootloader_source_debug_on_D0/build_essentials/toolchain_essentials/riscv/Darwin/bin/../lib/gcc/riscv64-unknown-elf/10.2.0/../../../../riscv64-unknown-elf/lib/:/Volumes/Untitled/bootloader_source_debug_on_D0/build_essentials/toolchain_essentials/riscv/Darwin/bin/../riscv64-unknown-elf/lib/
COLLECT_GCC_OPTIONS='-v' '-o' 'cmTC_92285' '-march=rv64imafdc' '-mabi=lp64d' '-march=rv64imafdc'
 /Volumes/Untitled/bootloader_source_debug_on_D0/build_essentials/toolchain_essentials/riscv/Darwin/bin/../libexec/gcc/riscv64-unknown-elf/10.2.0/collect2 -plugin /Volumes/Untitled/bootloader_source_debug_on_D0/build_essentials/toolchain_essentials/riscv/Darwin/bin/../libexec/gcc/riscv64-unknown-elf/10.2.0/liblto_plugin.so -plugin-opt= -plugin-opt=-fresolution=/var/folders/dj/plb4pn3s4k133bwc856301b80000gn/T//ccQRO4jR.res -plugin-opt=-pass-through=-lgcc -plugin-opt=-pass-through=-lc -plugin-opt=-pass-through=-lgloss -plugin-opt=-pass-through=-lgcc --sysroot=/Volumes/Untitled/bootloader_source_debug_on_D0/build_essentials/toolchain_essentials/riscv/Darwin/bin/../riscv64-unknown-elf -melf64lriscv -o cmTC_92285 /Volumes/Untitled/bootloader_source_debug_on_D0/build_essentials/toolchain_essentials/riscv/Darwin/bin/../lib/gcc/riscv64-unknown-elf/10.2.0/../../../../riscv64-unknown-elf/lib/rv64imafdc/lp64d/crt0.o /Volumes/Untitled/bootloader_source_debug_on_D0/build_essentials/toolchain_essentials/riscv/Darwin/bin/../lib/gcc/riscv64-unknown-elf/10.2.0/rv64imafdc/lp64d/crtbegin.o -L/Volumes/Untitled/bootloader_source_debug_on_D0/build_essentials/toolchain_essentials/riscv/Darwin/bin/../lib/gcc/riscv64-unknown-elf/10.2.0/rv64imafdc/lp64d -L/Volumes/Untitled/bootloader_source_debug_on_D0/build_essentials/toolchain_essentials/riscv/Darwin/bin/../lib/gcc/riscv64-unknown-elf/10.2.0/../../../../riscv64-unknown-elf/lib/rv64imafdc/lp64d -L/Volumes/Untitled/bootloader_source_debug_on_D0/build_essentials/toolchain_essentials/riscv/Darwin/bin/../riscv64-unknown-elf/lib/rv64imafdc/lp64d -L/Volumes/Untitled/bootloader_source_debug_on_D0/build_essentials/toolchain_essentials/riscv/Darwin/bin/../lib/gcc/riscv64-unknown-elf/10.2.0 -L/Volumes/Untitled/bootloader_source_debug_on_D0/build_essentials/toolchain_essentials/riscv/Darwin/bin/../lib/gcc -L/Volumes/Untitled/bootloader_source_debug_on_D0/build_essentials/toolchain_essentials/riscv/Darwin/bin/../lib/gcc/riscv64-unknown-elf/10.2.0/../../../../riscv64-unknown-elf/lib -L/Volumes/Untitled/bootloader_source_debug_on_D0/build_essentials/toolchain_essentials/riscv/Darwin/bin/../riscv64-unknown-elf/lib CMakeFiles/cmTC_92285.dir/CMakeCXXCompilerABI.cpp.obj -lstdc++ -lm -lgcc --start-group -lc -lgloss --end-group -lgcc /Volumes/Untitled/bootloader_source_debug_on_D0/build_essentials/toolchain_essentials/riscv/Darwin/bin/../lib/gcc/riscv64-unknown-elf/10.2.0/rv64imafdc/lp64d/crtend.o
COLLECT_GCC_OPTIONS='-v' '-o' 'cmTC_92285' '-march=rv64imafdc' '-mabi=lp64d' '-march=rv64imafdc'
gmake[2]: Leaving directory '/Volumes/Untitled/bootloader_source_debug_on_D0/build_essentials/build/CMakeFiles/CMakeTmp'
gmake[1]: Leaving directory '/Volumes/Untitled/bootloader_source_debug_on_D0/build_essentials/build/CMakeFiles/CMakeTmp'



Parsed CXX implicit include dir info from above output: rv=done
  found start of include info
  found start of implicit include info
    add: [/Volumes/Untitled/bootloader_source_debug_on_D0/build_essentials/toolchain_essentials/riscv/Darwin/bin/../lib/gcc/riscv64-unknown-elf/10.2.0/include]
    add: [/Volumes/Untitled/bootloader_source_debug_on_D0/build_essentials/toolchain_essentials/riscv/Darwin/bin/../lib/gcc/riscv64-unknown-elf/10.2.0/../../../../riscv64-unknown-elf/include]
  end of search list found
  collapse include dir [/Volumes/Untitled/bootloader_source_debug_on_D0/build_essentials/toolchain_essentials/riscv/Darwin/bin/../lib/gcc/riscv64-unknown-elf/10.2.0/include] ==> [/Volumes/Untitled/bootloader_source_debug_on_D0/build_essentials/toolchain_essentials/riscv/Darwin/lib/gcc/riscv64-unknown-elf/10.2.0/include]
  collapse include dir [/Volumes/Untitled/bootloader_source_debug_on_D0/build_essentials/toolchain_essentials/riscv/Darwin/bin/../lib/gcc/riscv64-unknown-elf/10.2.0/../../../../riscv64-unknown-elf/include] ==> [/Volumes/Untitled/bootloader_source_debug_on_D0/build_essentials/toolchain_essentials/riscv/Darwin/riscv64-unknown-elf/include]
  implicit include dirs: [/Volumes/Untitled/bootloader_source_debug_on_D0/build_essentials/toolchain_essentials/riscv/Darwin/lib/gcc/riscv64-unknown-elf/10.2.0/include;/Volumes/Untitled/bootloader_source_debug_on_D0/build_essentials/toolchain_essentials/riscv/Darwin/riscv64-unknown-elf/include]


Parsed CXX implicit link information from above output:
  link line regex: [^( *|.*[/\])(riscv64-unknown-elf-ld|CMAKE_LINK_STARTFILE-NOTFOUND|([^/\]+-)?ld|collect2)[^/\]*( |$)]
  ignore line: [Change Dir: /Volumes/Untitled/bootloader_source_debug_on_D0/build_essentials/build/CMakeFiles/CMakeTmp]
  ignore line: []
  ignore line: [Run Build Command(s):/opt/homebrew/bin/gmake -f Makefile cmTC_92285/fast && gmake[1]: Entering directory '/Volumes/Untitled/bootloader_source_debug_on_D0/build_essentials/build/CMakeFiles/CMakeTmp']
  ignore line: [/opt/homebrew/bin/gmake  -f CMakeFiles/cmTC_92285.dir/build.make CMakeFiles/cmTC_92285.dir/build]
  ignore line: [gmake[2]: Entering directory '/Volumes/Untitled/bootloader_source_debug_on_D0/build_essentials/build/CMakeFiles/CMakeTmp']
  ignore line: [Building CXX object CMakeFiles/cmTC_92285.dir/CMakeCXXCompilerABI.cpp.obj]
  ignore line: [/Volumes/Untitled/bootloader_source_debug_on_D0/build_essentials/toolchain_essentials/riscv/Darwin/bin/riscv64-unknown-elf-g++   -v -o CMakeFiles/cmTC_92285.dir/CMakeCXXCompilerABI.cpp.obj -c /usr/local/Cellar/cmake/3.23.2/share/cmake/Modules/CMakeCXXCompilerABI.cpp]
  ignore line: [Using built-in specs.]
  ignore line: [COLLECT_GCC=/Volumes/Untitled/bootloader_source_debug_on_D0/build_essentials/toolchain_essentials/riscv/Darwin/bin/riscv64-unknown-elf-g++]
  ignore line: [Target: riscv64-unknown-elf]
  ignore line: [Configured with: /scratch/jenkins/workspace/tpp-freedom-tools/tpp01--build-binary-packages--parameterized/obj/x86_64-apple-darwin/build/riscv64-unknown-elf-gcc/riscv-gcc/configure --target=riscv64-unknown-elf --prefix=/scratch/jenkins/workspace/tpp-freedom-tools/tpp01--build-binary-packages--parameterized/obj/x86_64-apple-darwin/install/riscv64-unknown-elf-gcc-10.2.0-2020.12.8-x86_64-apple-darwin --with-pkgversion='SiFive GCC-Metal 10.2.0-2020.12.8' --with-bugurl=https://github.com/sifive/freedom-tools/issues --disable-shared --disable-threads --enable-languages=c c++ --enable-tls --with-newlib --with-sysroot=/scratch/jenkins/workspace/tpp-freedom-tools/tpp01--build-binary-packages--parameterized/obj/x86_64-apple-darwin/install/riscv64-unknown-elf-gcc-10.2.0-2020.12.8-x86_64-apple-darwin/riscv64-unknown-elf --with-native-system-header-dir=/include --disable-libmudflap --disable-libssp --disable-libquadmath --disable-libgomp --disable-nls --disable-tm-clone-registry --src=../riscv-gcc --with-system-zlib --enable-checking=yes --enable-multilib --with-abi=lp64d --with-arch=rv64imafdc CFLAGS=-O2 CXXFLAGS=-O2 'CFLAGS_FOR_TARGET=-Os -mcmodel=medany' 'CXXFLAGS_FOR_TARGET=-Os -mcmodel=medany']
  ignore line: [Thread model: single]
  ignore line: [Supported LTO compression algorithms: zlib]
  ignore line: [gcc version 10.2.0 (SiFive GCC-Metal 10.2.0-2020.12.8) ]
  ignore line: [COLLECT_GCC_OPTIONS='-v' '-o' 'CMakeFiles/cmTC_92285.dir/CMakeCXXCompilerABI.cpp.obj' '-c' '-march=rv64imafdc' '-mabi=lp64d' '-march=rv64imafdc']
  ignore line: [ /Volumes/Untitled/bootloader_source_debug_on_D0/build_essentials/toolchain_essentials/riscv/Darwin/bin/../libexec/gcc/riscv64-unknown-elf/10.2.0/cc1plus -quiet -v -imultilib rv64imafdc/lp64d -iprefix /Volumes/Untitled/bootloader_source_debug_on_D0/build_essentials/toolchain_essentials/riscv/Darwin/bin/../lib/gcc/riscv64-unknown-elf/10.2.0/ -isysroot /Volumes/Untitled/bootloader_source_debug_on_D0/build_essentials/toolchain_essentials/riscv/Darwin/bin/../riscv64-unknown-elf /usr/local/Cellar/cmake/3.23.2/share/cmake/Modules/CMakeCXXCompilerABI.cpp -quiet -dumpbase CMakeCXXCompilerABI.cpp -march=rv64imafdc -mabi=lp64d -march=rv64imafdc -auxbase-strip CMakeFiles/cmTC_92285.dir/CMakeCXXCompilerABI.cpp.obj -version -o /var/folders/dj/plb4pn3s4k133bwc856301b80000gn/T//ccBMLjpm.s]
  ignore line: [GNU C++14 (SiFive GCC-Metal 10.2.0-2020.12.8) version 10.2.0 (riscv64-unknown-elf)]
  ignore line: [	compiled by GNU C version 4.2.1 Compatible Apple LLVM 10.0.1 (clang-1001.0.46.3)  GMP version 6.1.0  MPFR version 3.1.4  MPC version 1.0.3  isl version isl-0.18-GMP]
  ignore line: []
  ignore line: [GGC heuristics: --param ggc-min-expand=30 --param ggc-min-heapsize=4096]
  ignore line: [ignoring nonexistent directory "/Volumes/Untitled/bootloader_source_debug_on_D0/build_essentials/toolchain_essentials/riscv/Darwin/bin/../lib/gcc/riscv64-unknown-elf/10.2.0/../../../../riscv64-unknown-elf/include/c++/10.2.0"]
  ignore line: [ignoring nonexistent directory "/Volumes/Untitled/bootloader_source_debug_on_D0/build_essentials/toolchain_essentials/riscv/Darwin/bin/../lib/gcc/riscv64-unknown-elf/10.2.0/../../../../riscv64-unknown-elf/include/c++/10.2.0/riscv64-unknown-elf/rv64imafdc/lp64d"]
  ignore line: [ignoring nonexistent directory "/Volumes/Untitled/bootloader_source_debug_on_D0/build_essentials/toolchain_essentials/riscv/Darwin/bin/../lib/gcc/riscv64-unknown-elf/10.2.0/../../../../riscv64-unknown-elf/include/c++/10.2.0/backward"]
  ignore line: [ignoring nonexistent directory "/Volumes/Untitled/bootloader_source_debug_on_D0/build_essentials/toolchain_essentials/riscv/Darwin/bin/../lib/gcc/riscv64-unknown-elf/10.2.0/include-fixed"]
  ignore line: [ignoring nonexistent directory "/Volumes/Untitled/bootloader_source_debug_on_D0/build_essentials/toolchain_essentials/riscv/Darwin/bin/../lib/gcc/../../lib/gcc/riscv64-unknown-elf/10.2.0/../../../../riscv64-unknown-elf/include/c++/10.2.0"]
  ignore line: [ignoring nonexistent directory "/Volumes/Untitled/bootloader_source_debug_on_D0/build_essentials/toolchain_essentials/riscv/Darwin/bin/../lib/gcc/../../lib/gcc/riscv64-unknown-elf/10.2.0/../../../../riscv64-unknown-elf/include/c++/10.2.0/riscv64-unknown-elf/rv64imafdc/lp64d"]
  ignore line: [ignoring nonexistent directory "/Volumes/Untitled/bootloader_source_debug_on_D0/build_essentials/toolchain_essentials/riscv/Darwin/bin/../lib/gcc/../../lib/gcc/riscv64-unknown-elf/10.2.0/../../../../riscv64-unknown-elf/include/c++/10.2.0/backward"]
  ignore line: [ignoring duplicate directory "/Volumes/Untitled/bootloader_source_debug_on_D0/build_essentials/toolchain_essentials/riscv/Darwin/bin/../lib/gcc/../../lib/gcc/riscv64-unknown-elf/10.2.0/include"]
  ignore line: [ignoring nonexistent directory "/Volumes/Untitled/bootloader_source_debug_on_D0/build_essentials/toolchain_essentials/riscv/Darwin/bin/../riscv64-unknown-elf/usr/local/include"]
  ignore line: [ignoring nonexistent directory "/Volumes/Untitled/bootloader_source_debug_on_D0/build_essentials/toolchain_essentials/riscv/Darwin/bin/../lib/gcc/../../lib/gcc/riscv64-unknown-elf/10.2.0/include-fixed"]
  ignore line: [ignoring duplicate directory "/Volumes/Untitled/bootloader_source_debug_on_D0/build_essentials/toolchain_essentials/riscv/Darwin/bin/../lib/gcc/../../lib/gcc/riscv64-unknown-elf/10.2.0/../../../../riscv64-unknown-elf/include"]
  ignore line: [ignoring duplicate directory "/Volumes/Untitled/bootloader_source_debug_on_D0/build_essentials/toolchain_essentials/riscv/Darwin/bin/../riscv64-unknown-elf/include"]
  ignore line: [#include "..." search starts here:]
  ignore line: [#include <...> search starts here:]
  ignore line: [ /Volumes/Untitled/bootloader_source_debug_on_D0/build_essentials/toolchain_essentials/riscv/Darwin/bin/../lib/gcc/riscv64-unknown-elf/10.2.0/include]
  ignore line: [ /Volumes/Untitled/bootloader_source_debug_on_D0/build_essentials/toolchain_essentials/riscv/Darwin/bin/../lib/gcc/riscv64-unknown-elf/10.2.0/../../../../riscv64-unknown-elf/include]
  ignore line: [End of search list.]
  ignore line: [GNU C++14 (SiFive GCC-Metal 10.2.0-2020.12.8) version 10.2.0 (riscv64-unknown-elf)]
  ignore line: [	compiled by GNU C version 4.2.1 Compatible Apple LLVM 10.0.1 (clang-1001.0.46.3)  GMP version 6.1.0  MPFR version 3.1.4  MPC version 1.0.3  isl version isl-0.18-GMP]
  ignore line: []
  ignore line: [GGC heuristics: --param ggc-min-expand=30 --param ggc-min-heapsize=4096]
  ignore line: [Compiler executable checksum: ae25aa0850fa93b060cb35e76df30073]
  ignore line: [COLLECT_GCC_OPTIONS='-v' '-o' 'CMakeFiles/cmTC_92285.dir/CMakeCXXCompilerABI.cpp.obj' '-c' '-march=rv64imafdc' '-mabi=lp64d' '-march=rv64imafdc']
  ignore line: [ /Volumes/Untitled/bootloader_source_debug_on_D0/build_essentials/toolchain_essentials/riscv/Darwin/bin/../lib/gcc/riscv64-unknown-elf/10.2.0/../../../../riscv64-unknown-elf/bin/as -v --traditional-format -march=rv64imafdc -march=rv64imafdc -mabi=lp64d -o CMakeFiles/cmTC_92285.dir/CMakeCXXCompilerABI.cpp.obj /var/folders/dj/plb4pn3s4k133bwc856301b80000gn/T//ccBMLjpm.s]
  ignore line: [GNU assembler version 2.35 (riscv64-unknown-elf) using BFD version (SiFive Binutils-Metal 2.35.0-2020.12.8) 2.35]
  ignore line: [COMPILER_PATH=/Volumes/Untitled/bootloader_source_debug_on_D0/build_essentials/toolchain_essentials/riscv/Darwin/bin/../libexec/gcc/riscv64-unknown-elf/10.2.0/:/Volumes/Untitled/bootloader_source_debug_on_D0/build_essentials/toolchain_essentials/riscv/Darwin/bin/../libexec/gcc/:/Volumes/Untitled/bootloader_source_debug_on_D0/build_essentials/toolchain_essentials/riscv/Darwin/bin/../lib/gcc/riscv64-unknown-elf/10.2.0/../../../../riscv64-unknown-elf/bin/]
  ignore line: [LIBRARY_PATH=/Volumes/Untitled/bootloader_source_debug_on_D0/build_essentials/toolchain_essentials/riscv/Darwin/bin/../lib/gcc/riscv64-unknown-elf/10.2.0/rv64imafdc/lp64d/:/Volumes/Untitled/bootloader_source_debug_on_D0/build_essentials/toolchain_essentials/riscv/Darwin/bin/../lib/gcc/riscv64-unknown-elf/10.2.0/../../../../riscv64-unknown-elf/lib/rv64imafdc/lp64d/:/Volumes/Untitled/bootloader_source_debug_on_D0/build_essentials/toolchain_essentials/riscv/Darwin/bin/../riscv64-unknown-elf/lib/rv64imafdc/lp64d/:/Volumes/Untitled/bootloader_source_debug_on_D0/build_essentials/toolchain_essentials/riscv/Darwin/bin/../lib/gcc/riscv64-unknown-elf/10.2.0/:/Volumes/Untitled/bootloader_source_debug_on_D0/build_essentials/toolchain_essentials/riscv/Darwin/bin/../lib/gcc/:/Volumes/Untitled/bootloader_source_debug_on_D0/build_essentials/toolchain_essentials/riscv/Darwin/bin/../lib/gcc/riscv64-unknown-elf/10.2.0/../../../../riscv64-unknown-elf/lib/:/Volumes/Untitled/bootloader_source_debug_on_D0/build_essentials/toolchain_essentials/riscv/Darwin/bin/../riscv64-unknown-elf/lib/]
  ignore line: [COLLECT_GCC_OPTIONS='-v' '-o' 'CMakeFiles/cmTC_92285.dir/CMakeCXXCompilerABI.cpp.obj' '-c' '-march=rv64imafdc' '-mabi=lp64d' '-march=rv64imafdc']
  ignore line: [Linking CXX executable cmTC_92285]
  ignore line: [/usr/local/Cellar/cmake/3.23.2/bin/cmake -E cmake_link_script CMakeFiles/cmTC_92285.dir/link.txt --verbose=1]
  ignore line: [/Volumes/Untitled/bootloader_source_debug_on_D0/build_essentials/toolchain_essentials/riscv/Darwin/bin/riscv64-unknown-elf-g++  -v CMakeFiles/cmTC_92285.dir/CMakeCXXCompilerABI.cpp.obj -o cmTC_92285 ]
  ignore line: [Using built-in specs.]
  ignore line: [COLLECT_GCC=/Volumes/Untitled/bootloader_source_debug_on_D0/build_essentials/toolchain_essentials/riscv/Darwin/bin/riscv64-unknown-elf-g++]
  ignore line: [Target: riscv64-unknown-elf]
  ignore line: [Configured with: /scratch/jenkins/workspace/tpp-freedom-tools/tpp01--build-binary-packages--parameterized/obj/x86_64-apple-darwin/build/riscv64-unknown-elf-gcc/riscv-gcc/configure --target=riscv64-unknown-elf --prefix=/scratch/jenkins/workspace/tpp-freedom-tools/tpp01--build-binary-packages--parameterized/obj/x86_64-apple-darwin/install/riscv64-unknown-elf-gcc-10.2.0-2020.12.8-x86_64-apple-darwin --with-pkgversion='SiFive GCC-Metal 10.2.0-2020.12.8' --with-bugurl=https://github.com/sifive/freedom-tools/issues --disable-shared --disable-threads --enable-languages=c c++ --enable-tls --with-newlib --with-sysroot=/scratch/jenkins/workspace/tpp-freedom-tools/tpp01--build-binary-packages--parameterized/obj/x86_64-apple-darwin/install/riscv64-unknown-elf-gcc-10.2.0-2020.12.8-x86_64-apple-darwin/riscv64-unknown-elf --with-native-system-header-dir=/include --disable-libmudflap --disable-libssp --disable-libquadmath --disable-libgomp --disable-nls --disable-tm-clone-registry --src=../riscv-gcc --with-system-zlib --enable-checking=yes --enable-multilib --with-abi=lp64d --with-arch=rv64imafdc CFLAGS=-O2 CXXFLAGS=-O2 'CFLAGS_FOR_TARGET=-Os -mcmodel=medany' 'CXXFLAGS_FOR_TARGET=-Os -mcmodel=medany']
  ignore line: [Thread model: single]
  ignore line: [Supported LTO compression algorithms: zlib]
  ignore line: [gcc version 10.2.0 (SiFive GCC-Metal 10.2.0-2020.12.8) ]
  ignore line: [COMPILER_PATH=/Volumes/Untitled/bootloader_source_debug_on_D0/build_essentials/toolchain_essentials/riscv/Darwin/bin/../libexec/gcc/riscv64-unknown-elf/10.2.0/:/Volumes/Untitled/bootloader_source_debug_on_D0/build_essentials/toolchain_essentials/riscv/Darwin/bin/../libexec/gcc/:/Volumes/Untitled/bootloader_source_debug_on_D0/build_essentials/toolchain_essentials/riscv/Darwin/bin/../lib/gcc/riscv64-unknown-elf/10.2.0/../../../../riscv64-unknown-elf/bin/]
  ignore line: [LIBRARY_PATH=/Volumes/Untitled/bootloader_source_debug_on_D0/build_essentials/toolchain_essentials/riscv/Darwin/bin/../lib/gcc/riscv64-unknown-elf/10.2.0/rv64imafdc/lp64d/:/Volumes/Untitled/bootloader_source_debug_on_D0/build_essentials/toolchain_essentials/riscv/Darwin/bin/../lib/gcc/riscv64-unknown-elf/10.2.0/../../../../riscv64-unknown-elf/lib/rv64imafdc/lp64d/:/Volumes/Untitled/bootloader_source_debug_on_D0/build_essentials/toolchain_essentials/riscv/Darwin/bin/../riscv64-unknown-elf/lib/rv64imafdc/lp64d/:/Volumes/Untitled/bootloader_source_debug_on_D0/build_essentials/toolchain_essentials/riscv/Darwin/bin/../lib/gcc/riscv64-unknown-elf/10.2.0/:/Volumes/Untitled/bootloader_source_debug_on_D0/build_essentials/toolchain_essentials/riscv/Darwin/bin/../lib/gcc/:/Volumes/Untitled/bootloader_source_debug_on_D0/build_essentials/toolchain_essentials/riscv/Darwin/bin/../lib/gcc/riscv64-unknown-elf/10.2.0/../../../../riscv64-unknown-elf/lib/:/Volumes/Untitled/bootloader_source_debug_on_D0/build_essentials/toolchain_essentials/riscv/Darwin/bin/../riscv64-unknown-elf/lib/]
  ignore line: [COLLECT_GCC_OPTIONS='-v' '-o' 'cmTC_92285' '-march=rv64imafdc' '-mabi=lp64d' '-march=rv64imafdc']
  link line: [ /Volumes/Untitled/bootloader_source_debug_on_D0/build_essentials/toolchain_essentials/riscv/Darwin/bin/../libexec/gcc/riscv64-unknown-elf/10.2.0/collect2 -plugin /Volumes/Untitled/bootloader_source_debug_on_D0/build_essentials/toolchain_essentials/riscv/Darwin/bin/../libexec/gcc/riscv64-unknown-elf/10.2.0/liblto_plugin.so -plugin-opt= -plugin-opt=-fresolution=/var/folders/dj/plb4pn3s4k133bwc856301b80000gn/T//ccQRO4jR.res -plugin-opt=-pass-through=-lgcc -plugin-opt=-pass-through=-lc -plugin-opt=-pass-through=-lgloss -plugin-opt=-pass-through=-lgcc --sysroot=/Volumes/Untitled/bootloader_source_debug_on_D0/build_essentials/toolchain_essentials/riscv/Darwin/bin/../riscv64-unknown-elf -melf64lriscv -o cmTC_92285 /Volumes/Untitled/bootloader_source_debug_on_D0/build_essentials/toolchain_essentials/riscv/Darwin/bin/../lib/gcc/riscv64-unknown-elf/10.2.0/../../../../riscv64-unknown-elf/lib/rv64imafdc/lp64d/crt0.o /Volumes/Untitled/bootloader_source_debug_on_D0/build_essentials/toolchain_essentials/riscv/Darwin/bin/../lib/gcc/riscv64-unknown-elf/10.2.0/rv64imafdc/lp64d/crtbegin.o -L/Volumes/Untitled/bootloader_source_debug_on_D0/build_essentials/toolchain_essentials/riscv/Darwin/bin/../lib/gcc/riscv64-unknown-elf/10.2.0/rv64imafdc/lp64d -L/Volumes/Untitled/bootloader_source_debug_on_D0/build_essentials/toolchain_essentials/riscv/Darwin/bin/../lib/gcc/riscv64-unknown-elf/10.2.0/../../../../riscv64-unknown-elf/lib/rv64imafdc/lp64d -L/Volumes/Untitled/bootloader_source_debug_on_D0/build_essentials/toolchain_essentials/riscv/Darwin/bin/../riscv64-unknown-elf/lib/rv64imafdc/lp64d -L/Volumes/Untitled/bootloader_source_debug_on_D0/build_essentials/toolchain_essentials/riscv/Darwin/bin/../lib/gcc/riscv64-unknown-elf/10.2.0 -L/Volumes/Untitled/bootloader_source_debug_on_D0/build_essentials/toolchain_essentials/riscv/Darwin/bin/../lib/gcc -L/Volumes/Untitled/bootloader_source_debug_on_D0/build_essentials/toolchain_essentials/riscv/Darwin/bin/../lib/gcc/riscv64-unknown-elf/10.2.0/../../../../riscv64-unknown-elf/lib -L/Volumes/Untitled/bootloader_source_debug_on_D0/build_essentials/toolchain_essentials/riscv/Darwin/bin/../riscv64-unknown-elf/lib CMakeFiles/cmTC_92285.dir/CMakeCXXCompilerABI.cpp.obj -lstdc++ -lm -lgcc --start-group -lc -lgloss --end-group -lgcc /Volumes/Untitled/bootloader_source_debug_on_D0/build_essentials/toolchain_essentials/riscv/Darwin/bin/../lib/gcc/riscv64-unknown-elf/10.2.0/rv64imafdc/lp64d/crtend.o]
    arg [/Volumes/Untitled/bootloader_source_debug_on_D0/build_essentials/toolchain_essentials/riscv/Darwin/bin/../libexec/gcc/riscv64-unknown-elf/10.2.0/collect2] ==> ignore
    arg [-plugin] ==> ignore
    arg [/Volumes/Untitled/bootloader_source_debug_on_D0/build_essentials/toolchain_essentials/riscv/Darwin/bin/../libexec/gcc/riscv64-unknown-elf/10.2.0/liblto_plugin.so] ==> ignore
    arg [-plugin-opt=] ==> ignore
    arg [-plugin-opt=-fresolution=/var/folders/dj/plb4pn3s4k133bwc856301b80000gn/T//ccQRO4jR.res] ==> ignore
    arg [-plugin-opt=-pass-through=-lgcc] ==> ignore
    arg [-plugin-opt=-pass-through=-lc] ==> ignore
    arg [-plugin-opt=-pass-through=-lgloss] ==> ignore
    arg [-plugin-opt=-pass-through=-lgcc] ==> ignore
    arg [--sysroot=/Volumes/Untitled/bootloader_source_debug_on_D0/build_essentials/toolchain_essentials/riscv/Darwin/bin/../riscv64-unknown-elf] ==> ignore
    arg [-melf64lriscv] ==> ignore
    arg [-o] ==> ignore
    arg [cmTC_92285] ==> ignore
    arg [/Volumes/Untitled/bootloader_source_debug_on_D0/build_essentials/toolchain_essentials/riscv/Darwin/bin/../lib/gcc/riscv64-unknown-elf/10.2.0/../../../../riscv64-unknown-elf/lib/rv64imafdc/lp64d/crt0.o] ==> obj [/Volumes/Untitled/bootloader_source_debug_on_D0/build_essentials/toolchain_essentials/riscv/Darwin/bin/../lib/gcc/riscv64-unknown-elf/10.2.0/../../../../riscv64-unknown-elf/lib/rv64imafdc/lp64d/crt0.o]
    arg [/Volumes/Untitled/bootloader_source_debug_on_D0/build_essentials/toolchain_essentials/riscv/Darwin/bin/../lib/gcc/riscv64-unknown-elf/10.2.0/rv64imafdc/lp64d/crtbegin.o] ==> obj [/Volumes/Untitled/bootloader_source_debug_on_D0/build_essentials/toolchain_essentials/riscv/Darwin/bin/../lib/gcc/riscv64-unknown-elf/10.2.0/rv64imafdc/lp64d/crtbegin.o]
    arg [-L/Volumes/Untitled/bootloader_source_debug_on_D0/build_essentials/toolchain_essentials/riscv/Darwin/bin/../lib/gcc/riscv64-unknown-elf/10.2.0/rv64imafdc/lp64d] ==> dir [/Volumes/Untitled/bootloader_source_debug_on_D0/build_essentials/toolchain_essentials/riscv/Darwin/bin/../lib/gcc/riscv64-unknown-elf/10.2.0/rv64imafdc/lp64d]
    arg [-L/Volumes/Untitled/bootloader_source_debug_on_D0/build_essentials/toolchain_essentials/riscv/Darwin/bin/../lib/gcc/riscv64-unknown-elf/10.2.0/../../../../riscv64-unknown-elf/lib/rv64imafdc/lp64d] ==> dir [/Volumes/Untitled/bootloader_source_debug_on_D0/build_essentials/toolchain_essentials/riscv/Darwin/bin/../lib/gcc/riscv64-unknown-elf/10.2.0/../../../../riscv64-unknown-elf/lib/rv64imafdc/lp64d]
    arg [-L/Volumes/Untitled/bootloader_source_debug_on_D0/build_essentials/toolchain_essentials/riscv/Darwin/bin/../riscv64-unknown-elf/lib/rv64imafdc/lp64d] ==> dir [/Volumes/Untitled/bootloader_source_debug_on_D0/build_essentials/toolchain_essentials/riscv/Darwin/bin/../riscv64-unknown-elf/lib/rv64imafdc/lp64d]
    arg [-L/Volumes/Untitled/bootloader_source_debug_on_D0/build_essentials/toolchain_essentials/riscv/Darwin/bin/../lib/gcc/riscv64-unknown-elf/10.2.0] ==> dir [/Volumes/Untitled/bootloader_source_debug_on_D0/build_essentials/toolchain_essentials/riscv/Darwin/bin/../lib/gcc/riscv64-unknown-elf/10.2.0]
    arg [-L/Volumes/Untitled/bootloader_source_debug_on_D0/build_essentials/toolchain_essentials/riscv/Darwin/bin/../lib/gcc] ==> dir [/Volumes/Untitled/bootloader_source_debug_on_D0/build_essentials/toolchain_essentials/riscv/Darwin/bin/../lib/gcc]
    arg [-L/Volumes/Untitled/bootloader_source_debug_on_D0/build_essentials/toolchain_essentials/riscv/Darwin/bin/../lib/gcc/riscv64-unknown-elf/10.2.0/../../../../riscv64-unknown-elf/lib] ==> dir [/Volumes/Untitled/bootloader_source_debug_on_D0/build_essentials/toolchain_essentials/riscv/Darwin/bin/../lib/gcc/riscv64-unknown-elf/10.2.0/../../../../riscv64-unknown-elf/lib]
    arg [-L/Volumes/Untitled/bootloader_source_debug_on_D0/build_essentials/toolchain_essentials/riscv/Darwin/bin/../riscv64-unknown-elf/lib] ==> dir [/Volumes/Untitled/bootloader_source_debug_on_D0/build_essentials/toolchain_essentials/riscv/Darwin/bin/../riscv64-unknown-elf/lib]
    arg [CMakeFiles/cmTC_92285.dir/CMakeCXXCompilerABI.cpp.obj] ==> ignore
    arg [-lstdc++] ==> lib [stdc++]
    arg [-lm] ==> lib [m]
    arg [-lgcc] ==> lib [gcc]
    arg [--start-group] ==> ignore
    arg [-lc] ==> lib [c]
    arg [-lgloss] ==> lib [gloss]
    arg [--end-group] ==> ignore
    arg [-lgcc] ==> lib [gcc]
    arg [/Volumes/Untitled/bootloader_source_debug_on_D0/build_essentials/toolchain_essentials/riscv/Darwin/bin/../lib/gcc/riscv64-unknown-elf/10.2.0/rv64imafdc/lp64d/crtend.o] ==> obj [/Volumes/Untitled/bootloader_source_debug_on_D0/build_essentials/toolchain_essentials/riscv/Darwin/bin/../lib/gcc/riscv64-unknown-elf/10.2.0/rv64imafdc/lp64d/crtend.o]
  collapse obj [/Volumes/Untitled/bootloader_source_debug_on_D0/build_essentials/toolchain_essentials/riscv/Darwin/bin/../lib/gcc/riscv64-unknown-elf/10.2.0/../../../../riscv64-unknown-elf/lib/rv64imafdc/lp64d/crt0.o] ==> [/Volumes/Untitled/bootloader_source_debug_on_D0/build_essentials/toolchain_essentials/riscv/Darwin/riscv64-unknown-elf/lib/rv64imafdc/lp64d/crt0.o]
  collapse obj [/Volumes/Untitled/bootloader_source_debug_on_D0/build_essentials/toolchain_essentials/riscv/Darwin/bin/../lib/gcc/riscv64-unknown-elf/10.2.0/rv64imafdc/lp64d/crtbegin.o] ==> [/Volumes/Untitled/bootloader_source_debug_on_D0/build_essentials/toolchain_essentials/riscv/Darwin/lib/gcc/riscv64-unknown-elf/10.2.0/rv64imafdc/lp64d/crtbegin.o]
  collapse obj [/Volumes/Untitled/bootloader_source_debug_on_D0/build_essentials/toolchain_essentials/riscv/Darwin/bin/../lib/gcc/riscv64-unknown-elf/10.2.0/rv64imafdc/lp64d/crtend.o] ==> [/Volumes/Untitled/bootloader_source_debug_on_D0/build_essentials/toolchain_essentials/riscv/Darwin/lib/gcc/riscv64-unknown-elf/10.2.0/rv64imafdc/lp64d/crtend.o]
  collapse library dir [/Volumes/Untitled/bootloader_source_debug_on_D0/build_essentials/toolchain_essentials/riscv/Darwin/bin/../lib/gcc/riscv64-unknown-elf/10.2.0/rv64imafdc/lp64d] ==> [/Volumes/Untitled/bootloader_source_debug_on_D0/build_essentials/toolchain_essentials/riscv/Darwin/lib/gcc/riscv64-unknown-elf/10.2.0/rv64imafdc/lp64d]
  collapse library dir [/Volumes/Untitled/bootloader_source_debug_on_D0/build_essentials/toolchain_essentials/riscv/Darwin/bin/../lib/gcc/riscv64-unknown-elf/10.2.0/../../../../riscv64-unknown-elf/lib/rv64imafdc/lp64d] ==> [/Volumes/Untitled/bootloader_source_debug_on_D0/build_essentials/toolchain_essentials/riscv/Darwin/riscv64-unknown-elf/lib/rv64imafdc/lp64d]
  collapse library dir [/Volumes/Untitled/bootloader_source_debug_on_D0/build_essentials/toolchain_essentials/riscv/Darwin/bin/../riscv64-unknown-elf/lib/rv64imafdc/lp64d] ==> [/Volumes/Untitled/bootloader_source_debug_on_D0/build_essentials/toolchain_essentials/riscv/Darwin/riscv64-unknown-elf/lib/rv64imafdc/lp64d]
  collapse library dir [/Volumes/Untitled/bootloader_source_debug_on_D0/build_essentials/toolchain_essentials/riscv/Darwin/bin/../lib/gcc/riscv64-unknown-elf/10.2.0] ==> [/Volumes/Untitled/bootloader_source_debug_on_D0/build_essentials/toolchain_essentials/riscv/Darwin/lib/gcc/riscv64-unknown-elf/10.2.0]
  collapse library dir [/Volumes/Untitled/bootloader_source_debug_on_D0/build_essentials/toolchain_essentials/riscv/Darwin/bin/../lib/gcc] ==> [/Volumes/Untitled/bootloader_source_debug_on_D0/build_essentials/toolchain_essentials/riscv/Darwin/lib/gcc]
  collapse library dir [/Volumes/Untitled/bootloader_source_debug_on_D0/build_essentials/toolchain_essentials/riscv/Darwin/bin/../lib/gcc/riscv64-unknown-elf/10.2.0/../../../../riscv64-unknown-elf/lib] ==> [/Volumes/Untitled/bootloader_source_debug_on_D0/build_essentials/toolchain_essentials/riscv/Darwin/riscv64-unknown-elf/lib]
  collapse library dir [/Volumes/Untitled/bootloader_source_debug_on_D0/build_essentials/toolchain_essentials/riscv/Darwin/bin/../riscv64-unknown-elf/lib] ==> [/Volumes/Untitled/bootloader_source_debug_on_D0/build_essentials/toolchain_essentials/riscv/Darwin/riscv64-unknown-elf/lib]
  implicit libs: [stdc++;m;gcc;c;gloss;gcc]
  implicit objs: [/Volumes/Untitled/bootloader_source_debug_on_D0/build_essentials/toolchain_essentials/riscv/Darwin/riscv64-unknown-elf/lib/rv64imafdc/lp64d/crt0.o;/Volumes/Untitled/bootloader_source_debug_on_D0/build_essentials/toolchain_essentials/riscv/Darwin/lib/gcc/riscv64-unknown-elf/10.2.0/rv64imafdc/lp64d/crtbegin.o;/Volumes/Untitled/bootloader_source_debug_on_D0/build_essentials/toolchain_essentials/riscv/Darwin/lib/gcc/riscv64-unknown-elf/10.2.0/rv64imafdc/lp64d/crtend.o]
  implicit dirs: [/Volumes/Untitled/bootloader_source_debug_on_D0/build_essentials/toolchain_essentials/riscv/Darwin/lib/gcc/riscv64-unknown-elf/10.2.0/rv64imafdc/lp64d;/Volumes/Untitled/bootloader_source_debug_on_D0/build_essentials/toolchain_essentials/riscv/Darwin/riscv64-unknown-elf/lib/rv64imafdc/lp64d;/Volumes/Untitled/bootloader_source_debug_on_D0/build_essentials/toolchain_essentials/riscv/Darwin/lib/gcc/riscv64-unknown-elf/10.2.0;/Volumes/Untitled/bootloader_source_debug_on_D0/build_essentials/toolchain_essentials/riscv/Darwin/lib/gcc;/Volumes/Untitled/bootloader_source_debug_on_D0/build_essentials/toolchain_essentials/riscv/Darwin/riscv64-unknown-elf/lib]
  implicit fwks: []


